The system is: Linux - 6.5.0-28-generic - aarch64
Compiling the CXX compiler identification source file "CMakeCXXCompilerId.cpp" succeeded.
Compiler: /usr/bin/clang++ 
Build flags: 
Id flags:  

The output was:
0


Compilation of the CXX compiler identification source "CMakeCXXCompilerId.cpp" produced "a.out"

The CXX compiler identification is Clang, found in "/home/christian/Scrivania/konro_backprop/build/CMakeFiles/3.22.1/CompilerIdCXX/a.out"

Detecting CXX compiler ABI info compiled with the following output:
Change Dir: /home/christian/Scrivania/konro_backprop/build/CMakeFiles/CMakeTmp

Run Build Command(s):/usr/bin/gmake -f Makefile cmTC_f5f89/fast && /usr/bin/gmake  -f CMakeFiles/cmTC_f5f89.dir/build.make CMakeFiles/cmTC_f5f89.dir/build
gmake[1]: Entering directory '/home/christian/Scrivania/konro_backprop/build/CMakeFiles/CMakeTmp'
Building CXX object CMakeFiles/cmTC_f5f89.dir/CMakeCXXCompilerABI.cpp.o
/usr/bin/clang++   -v -MD -MT CMakeFiles/cmTC_f5f89.dir/CMakeCXXCompilerABI.cpp.o -MF CMakeFiles/cmTC_f5f89.dir/CMakeCXXCompilerABI.cpp.o.d -o CMakeFiles/cmTC_f5f89.dir/CMakeCXXCompilerABI.cpp.o -c /usr/share/cmake-3.22/Modules/CMakeCXXCompilerABI.cpp
Ubuntu clang version 14.0.0-1ubuntu1.1
Target: aarch64-unknown-linux-gnu
Thread model: posix
InstalledDir: /usr/bin
Found candidate GCC installation: /usr/bin/../lib/gcc/aarch64-linux-gnu/11
Found candidate GCC installation: /usr/bin/../lib/gcc/aarch64-linux-gnu/13
Selected GCC installation: /usr/bin/../lib/gcc/aarch64-linux-gnu/13
Candidate multilib: .;@m64
Selected multilib: .;@m64
 (in-process)
 "/usr/lib/llvm-14/bin/clang" -cc1 -triple aarch64-unknown-linux-gnu -emit-obj -mrelax-all --mrelax-relocations -disable-free -clear-ast-before-backend -disable-llvm-verifier -discard-value-names -main-file-name CMakeCXXCompilerABI.cpp -mrelocation-model pic -pic-level 2 -pic-is-pie -mframe-pointer=non-leaf -fmath-errno -ffp-contract=on -fno-rounding-math -mconstructor-aliases -funwind-tables=2 -target-cpu generic -target-feature +neon -target-feature +v8a -target-abi aapcs -fallow-half-arguments-and-returns -mllvm -treat-scalable-fixed-error-as-warning -debugger-tuning=gdb -v -fcoverage-compilation-dir=/home/christian/Scrivania/konro_backprop/build/CMakeFiles/CMakeTmp -resource-dir /usr/lib/llvm-14/lib/clang/14.0.0 -dependency-file CMakeFiles/cmTC_f5f89.dir/CMakeCXXCompilerABI.cpp.o.d -MT CMakeFiles/cmTC_f5f89.dir/CMakeCXXCompilerABI.cpp.o -sys-header-deps -internal-isystem /usr/bin/../lib/gcc/aarch64-linux-gnu/13/../../../../include/c++/13 -internal-isystem /usr/bin/../lib/gcc/aarch64-linux-gnu/13/../../../../include/aarch64-linux-gnu/c++/13 -internal-isystem /usr/bin/../lib/gcc/aarch64-linux-gnu/13/../../../../include/c++/13/backward -internal-isystem /usr/lib/llvm-14/lib/clang/14.0.0/include -internal-isystem /usr/local/include -internal-isystem /usr/bin/../lib/gcc/aarch64-linux-gnu/13/../../../../aarch64-linux-gnu/include -internal-externc-isystem /usr/include/aarch64-linux-gnu -internal-externc-isystem /include -internal-externc-isystem /usr/include -fdeprecated-macro -fdebug-compilation-dir=/home/christian/Scrivania/konro_backprop/build/CMakeFiles/CMakeTmp -ferror-limit 19 -fno-signed-char -fgnuc-version=4.2.1 -fcxx-exceptions -fexceptions -target-feature +outline-atomics -faddrsig -D__GCC_HAVE_DWARF2_CFI_ASM=1 -o CMakeFiles/cmTC_f5f89.dir/CMakeCXXCompilerABI.cpp.o -x c++ /usr/share/cmake-3.22/Modules/CMakeCXXCompilerABI.cpp
clang -cc1 version 14.0.0 based upon LLVM 14.0.0 default target aarch64-unknown-linux-gnu
ignoring nonexistent directory "/usr/bin/../lib/gcc/aarch64-linux-gnu/13/../../../../aarch64-linux-gnu/include"
ignoring nonexistent directory "/include"
#include "..." search starts here:
#include <...> search starts here:
 /usr/bin/../lib/gcc/aarch64-linux-gnu/13/../../../../include/c++/13
 /usr/bin/../lib/gcc/aarch64-linux-gnu/13/../../../../include/aarch64-linux-gnu/c++/13
 /usr/bin/../lib/gcc/aarch64-linux-gnu/13/../../../../include/c++/13/backward
 /usr/lib/llvm-14/lib/clang/14.0.0/include
 /usr/local/include
 /usr/include/aarch64-linux-gnu
 /usr/include
End of search list.
Linking CXX executable cmTC_f5f89
/usr/bin/cmake -E cmake_link_script CMakeFiles/cmTC_f5f89.dir/link.txt --verbose=1
/usr/bin/clang++  -v CMakeFiles/cmTC_f5f89.dir/CMakeCXXCompilerABI.cpp.o -o cmTC_f5f89 
Ubuntu clang version 14.0.0-1ubuntu1.1
Target: aarch64-unknown-linux-gnu
Thread model: posix
InstalledDir: /usr/bin
Found candidate GCC installation: /usr/bin/../lib/gcc/aarch64-linux-gnu/11
Found candidate GCC installation: /usr/bin/../lib/gcc/aarch64-linux-gnu/13
Selected GCC installation: /usr/bin/../lib/gcc/aarch64-linux-gnu/13
Candidate multilib: .;@m64
Selected multilib: .;@m64
 "/usr/bin/ld" -pie -EL -z relro --hash-style=gnu --build-id --eh-frame-hdr -m aarch64linux -dynamic-linker /lib/ld-linux-aarch64.so.1 -o cmTC_f5f89 /lib/aarch64-linux-gnu/Scrt1.o /lib/aarch64-linux-gnu/crti.o /usr/bin/../lib/gcc/aarch64-linux-gnu/13/crtbeginS.o -L/usr/bin/../lib/gcc/aarch64-linux-gnu/13 -L/lib/aarch64-linux-gnu -L/usr/lib/aarch64-linux-gnu -L/usr/lib/llvm-14/bin/../lib -L/lib -L/usr/lib -L. -L/usr/lib/aarch64-linux-gnu/ CMakeFiles/cmTC_f5f89.dir/CMakeCXXCompilerABI.cpp.o -lstdc++ -lm -lgcc_s -lgcc -lc -lgcc_s -lgcc /usr/bin/../lib/gcc/aarch64-linux-gnu/13/crtendS.o /lib/aarch64-linux-gnu/crtn.o
gmake[1]: Leaving directory '/home/christian/Scrivania/konro_backprop/build/CMakeFiles/CMakeTmp'



Parsed CXX implicit include dir info from above output: rv=done
  found start of include info
  found start of implicit include info
    add: [/usr/bin/../lib/gcc/aarch64-linux-gnu/13/../../../../include/c++/13]
    add: [/usr/bin/../lib/gcc/aarch64-linux-gnu/13/../../../../include/aarch64-linux-gnu/c++/13]
    add: [/usr/bin/../lib/gcc/aarch64-linux-gnu/13/../../../../include/c++/13/backward]
    add: [/usr/lib/llvm-14/lib/clang/14.0.0/include]
    add: [/usr/local/include]
    add: [/usr/include/aarch64-linux-gnu]
    add: [/usr/include]
  end of search list found
  collapse include dir [/usr/bin/../lib/gcc/aarch64-linux-gnu/13/../../../../include/c++/13] ==> [/usr/include/c++/13]
  collapse include dir [/usr/bin/../lib/gcc/aarch64-linux-gnu/13/../../../../include/aarch64-linux-gnu/c++/13] ==> [/usr/include/aarch64-linux-gnu/c++/13]
  collapse include dir [/usr/bin/../lib/gcc/aarch64-linux-gnu/13/../../../../include/c++/13/backward] ==> [/usr/include/c++/13/backward]
  collapse include dir [/usr/lib/llvm-14/lib/clang/14.0.0/include] ==> [/usr/lib/llvm-14/lib/clang/14.0.0/include]
  collapse include dir [/usr/local/include] ==> [/usr/local/include]
  collapse include dir [/usr/include/aarch64-linux-gnu] ==> [/usr/include/aarch64-linux-gnu]
  collapse include dir [/usr/include] ==> [/usr/include]
  implicit include dirs: [/usr/include/c++/13;/usr/include/aarch64-linux-gnu/c++/13;/usr/include/c++/13/backward;/usr/lib/llvm-14/lib/clang/14.0.0/include;/usr/local/include;/usr/include/aarch64-linux-gnu;/usr/include]


Parsed CXX implicit link information from above output:
  link line regex: [^( *|.*[/\])(ld|CMAKE_LINK_STARTFILE-NOTFOUND|([^/\]+-)?ld|collect2)[^/\]*( |$)]
  ignore line: [Change Dir: /home/christian/Scrivania/konro_backprop/build/CMakeFiles/CMakeTmp]
  ignore line: []
  ignore line: [Run Build Command(s):/usr/bin/gmake -f Makefile cmTC_f5f89/fast && /usr/bin/gmake  -f CMakeFiles/cmTC_f5f89.dir/build.make CMakeFiles/cmTC_f5f89.dir/build]
  ignore line: [gmake[1]: Entering directory '/home/christian/Scrivania/konro_backprop/build/CMakeFiles/CMakeTmp']
  ignore line: [Building CXX object CMakeFiles/cmTC_f5f89.dir/CMakeCXXCompilerABI.cpp.o]
  ignore line: [/usr/bin/clang++   -v -MD -MT CMakeFiles/cmTC_f5f89.dir/CMakeCXXCompilerABI.cpp.o -MF CMakeFiles/cmTC_f5f89.dir/CMakeCXXCompilerABI.cpp.o.d -o CMakeFiles/cmTC_f5f89.dir/CMakeCXXCompilerABI.cpp.o -c /usr/share/cmake-3.22/Modules/CMakeCXXCompilerABI.cpp]
  ignore line: [Ubuntu clang version 14.0.0-1ubuntu1.1]
  ignore line: [Target: aarch64-unknown-linux-gnu]
  ignore line: [Thread model: posix]
  ignore line: [InstalledDir: /usr/bin]
  ignore line: [Found candidate GCC installation: /usr/bin/../lib/gcc/aarch64-linux-gnu/11]
  ignore line: [Found candidate GCC installation: /usr/bin/../lib/gcc/aarch64-linux-gnu/13]
  ignore line: [Selected GCC installation: /usr/bin/../lib/gcc/aarch64-linux-gnu/13]
  ignore line: [Candidate multilib: .]
  ignore line: [@m64]
  ignore line: [Selected multilib: .]
  ignore line: [@m64]
  ignore line: [ (in-process)]
  ignore line: [ "/usr/lib/llvm-14/bin/clang" -cc1 -triple aarch64-unknown-linux-gnu -emit-obj -mrelax-all --mrelax-relocations -disable-free -clear-ast-before-backend -disable-llvm-verifier -discard-value-names -main-file-name CMakeCXXCompilerABI.cpp -mrelocation-model pic -pic-level 2 -pic-is-pie -mframe-pointer=non-leaf -fmath-errno -ffp-contract=on -fno-rounding-math -mconstructor-aliases -funwind-tables=2 -target-cpu generic -target-feature +neon -target-feature +v8a -target-abi aapcs -fallow-half-arguments-and-returns -mllvm -treat-scalable-fixed-error-as-warning -debugger-tuning=gdb -v -fcoverage-compilation-dir=/home/christian/Scrivania/konro_backprop/build/CMakeFiles/CMakeTmp -resource-dir /usr/lib/llvm-14/lib/clang/14.0.0 -dependency-file CMakeFiles/cmTC_f5f89.dir/CMakeCXXCompilerABI.cpp.o.d -MT CMakeFiles/cmTC_f5f89.dir/CMakeCXXCompilerABI.cpp.o -sys-header-deps -internal-isystem /usr/bin/../lib/gcc/aarch64-linux-gnu/13/../../../../include/c++/13 -internal-isystem /usr/bin/../lib/gcc/aarch64-linux-gnu/13/../../../../include/aarch64-linux-gnu/c++/13 -internal-isystem /usr/bin/../lib/gcc/aarch64-linux-gnu/13/../../../../include/c++/13/backward -internal-isystem /usr/lib/llvm-14/lib/clang/14.0.0/include -internal-isystem /usr/local/include -internal-isystem /usr/bin/../lib/gcc/aarch64-linux-gnu/13/../../../../aarch64-linux-gnu/include -internal-externc-isystem /usr/include/aarch64-linux-gnu -internal-externc-isystem /include -internal-externc-isystem /usr/include -fdeprecated-macro -fdebug-compilation-dir=/home/christian/Scrivania/konro_backprop/build/CMakeFiles/CMakeTmp -ferror-limit 19 -fno-signed-char -fgnuc-version=4.2.1 -fcxx-exceptions -fexceptions -target-feature +outline-atomics -faddrsig -D__GCC_HAVE_DWARF2_CFI_ASM=1 -o CMakeFiles/cmTC_f5f89.dir/CMakeCXXCompilerABI.cpp.o -x c++ /usr/share/cmake-3.22/Modules/CMakeCXXCompilerABI.cpp]
  ignore line: [clang -cc1 version 14.0.0 based upon LLVM 14.0.0 default target aarch64-unknown-linux-gnu]
  ignore line: [ignoring nonexistent directory "/usr/bin/../lib/gcc/aarch64-linux-gnu/13/../../../../aarch64-linux-gnu/include"]
  ignore line: [ignoring nonexistent directory "/include"]
  ignore line: [#include "..." search starts here:]
  ignore line: [#include <...> search starts here:]
  ignore line: [ /usr/bin/../lib/gcc/aarch64-linux-gnu/13/../../../../include/c++/13]
  ignore line: [ /usr/bin/../lib/gcc/aarch64-linux-gnu/13/../../../../include/aarch64-linux-gnu/c++/13]
  ignore line: [ /usr/bin/../lib/gcc/aarch64-linux-gnu/13/../../../../include/c++/13/backward]
  ignore line: [ /usr/lib/llvm-14/lib/clang/14.0.0/include]
  ignore line: [ /usr/local/include]
  ignore line: [ /usr/include/aarch64-linux-gnu]
  ignore line: [ /usr/include]
  ignore line: [End of search list.]
  ignore line: [Linking CXX executable cmTC_f5f89]
  ignore line: [/usr/bin/cmake -E cmake_link_script CMakeFiles/cmTC_f5f89.dir/link.txt --verbose=1]
  ignore line: [/usr/bin/clang++  -v CMakeFiles/cmTC_f5f89.dir/CMakeCXXCompilerABI.cpp.o -o cmTC_f5f89 ]
  ignore line: [Ubuntu clang version 14.0.0-1ubuntu1.1]
  ignore line: [Target: aarch64-unknown-linux-gnu]
  ignore line: [Thread model: posix]
  ignore line: [InstalledDir: /usr/bin]
  ignore line: [Found candidate GCC installation: /usr/bin/../lib/gcc/aarch64-linux-gnu/11]
  ignore line: [Found candidate GCC installation: /usr/bin/../lib/gcc/aarch64-linux-gnu/13]
  ignore line: [Selected GCC installation: /usr/bin/../lib/gcc/aarch64-linux-gnu/13]
  ignore line: [Candidate multilib: .]
  ignore line: [@m64]
  ignore line: [Selected multilib: .]
  ignore line: [@m64]
  link line: [ "/usr/bin/ld" -pie -EL -z relro --hash-style=gnu --build-id --eh-frame-hdr -m aarch64linux -dynamic-linker /lib/ld-linux-aarch64.so.1 -o cmTC_f5f89 /lib/aarch64-linux-gnu/Scrt1.o /lib/aarch64-linux-gnu/crti.o /usr/bin/../lib/gcc/aarch64-linux-gnu/13/crtbeginS.o -L/usr/bin/../lib/gcc/aarch64-linux-gnu/13 -L/lib/aarch64-linux-gnu -L/usr/lib/aarch64-linux-gnu -L/usr/lib/llvm-14/bin/../lib -L/lib -L/usr/lib -L. -L/usr/lib/aarch64-linux-gnu/ CMakeFiles/cmTC_f5f89.dir/CMakeCXXCompilerABI.cpp.o -lstdc++ -lm -lgcc_s -lgcc -lc -lgcc_s -lgcc /usr/bin/../lib/gcc/aarch64-linux-gnu/13/crtendS.o /lib/aarch64-linux-gnu/crtn.o]
    arg [/usr/bin/ld] ==> ignore
    arg [-pie] ==> ignore
    arg [-EL] ==> ignore
    arg [-zrelro] ==> ignore
    arg [--hash-style=gnu] ==> ignore
    arg [--build-id] ==> ignore
    arg [--eh-frame-hdr] ==> ignore
    arg [-m] ==> ignore
    arg [aarch64linux] ==> ignore
    arg [-dynamic-linker] ==> ignore
    arg [/lib/ld-linux-aarch64.so.1] ==> ignore
    arg [-o] ==> ignore
    arg [cmTC_f5f89] ==> ignore
    arg [/lib/aarch64-linux-gnu/Scrt1.o] ==> obj [/lib/aarch64-linux-gnu/Scrt1.o]
    arg [/lib/aarch64-linux-gnu/crti.o] ==> obj [/lib/aarch64-linux-gnu/crti.o]
    arg [/usr/bin/../lib/gcc/aarch64-linux-gnu/13/crtbeginS.o] ==> obj [/usr/bin/../lib/gcc/aarch64-linux-gnu/13/crtbeginS.o]
    arg [-L/usr/bin/../lib/gcc/aarch64-linux-gnu/13] ==> dir [/usr/bin/../lib/gcc/aarch64-linux-gnu/13]
    arg [-L/lib/aarch64-linux-gnu] ==> dir [/lib/aarch64-linux-gnu]
    arg [-L/usr/lib/aarch64-linux-gnu] ==> dir [/usr/lib/aarch64-linux-gnu]
    arg [-L/usr/lib/llvm-14/bin/../lib] ==> dir [/usr/lib/llvm-14/bin/../lib]
    arg [-L/lib] ==> dir [/lib]
    arg [-L/usr/lib] ==> dir [/usr/lib]
    arg [-L.] ==> ignore
    arg [-L/usr/lib/aarch64-linux-gnu/] ==> dir [/usr/lib/aarch64-linux-gnu/]
    arg [CMakeFiles/cmTC_f5f89.dir/CMakeCXXCompilerABI.cpp.o] ==> ignore
    arg [-lstdc++] ==> lib [stdc++]
    arg [-lm] ==> lib [m]
    arg [-lgcc_s] ==> lib [gcc_s]
    arg [-lgcc] ==> lib [gcc]
    arg [-lc] ==> lib [c]
    arg [-lgcc_s] ==> lib [gcc_s]
    arg [-lgcc] ==> lib [gcc]
    arg [/usr/bin/../lib/gcc/aarch64-linux-gnu/13/crtendS.o] ==> obj [/usr/bin/../lib/gcc/aarch64-linux-gnu/13/crtendS.o]
    arg [/lib/aarch64-linux-gnu/crtn.o] ==> obj [/lib/aarch64-linux-gnu/crtn.o]
  collapse obj [/usr/bin/../lib/gcc/aarch64-linux-gnu/13/crtbeginS.o] ==> [/usr/lib/gcc/aarch64-linux-gnu/13/crtbeginS.o]
  collapse obj [/usr/bin/../lib/gcc/aarch64-linux-gnu/13/crtendS.o] ==> [/usr/lib/gcc/aarch64-linux-gnu/13/crtendS.o]
  collapse library dir [/usr/bin/../lib/gcc/aarch64-linux-gnu/13] ==> [/usr/lib/gcc/aarch64-linux-gnu/13]
  collapse library dir [/lib/aarch64-linux-gnu] ==> [/lib/aarch64-linux-gnu]
  collapse library dir [/usr/lib/aarch64-linux-gnu] ==> [/usr/lib/aarch64-linux-gnu]
  collapse library dir [/usr/lib/llvm-14/bin/../lib] ==> [/usr/lib/llvm-14/lib]
  collapse library dir [/lib] ==> [/lib]
  collapse library dir [/usr/lib] ==> [/usr/lib]
  collapse library dir [/usr/lib/aarch64-linux-gnu/] ==> [/usr/lib/aarch64-linux-gnu]
  implicit libs: [stdc++;m;gcc_s;gcc;c;gcc_s;gcc]
  implicit objs: [/lib/aarch64-linux-gnu/Scrt1.o;/lib/aarch64-linux-gnu/crti.o;/usr/lib/gcc/aarch64-linux-gnu/13/crtbeginS.o;/usr/lib/gcc/aarch64-linux-gnu/13/crtendS.o;/lib/aarch64-linux-gnu/crtn.o]
  implicit dirs: [/usr/lib/gcc/aarch64-linux-gnu/13;/lib/aarch64-linux-gnu;/usr/lib/aarch64-linux-gnu;/usr/lib/llvm-14/lib;/lib;/usr/lib]
  implicit fwks: []


Detecting CXX OpenMP compiler ABI info compiled with the following output:
Change Dir: /home/christian/Scrivania/konro_backprop/build/CMakeFiles/CMakeTmp

Run Build Command(s):/usr/bin/gmake -f Makefile cmTC_94e6c/fast && /usr/bin/gmake  -f CMakeFiles/cmTC_94e6c.dir/build.make CMakeFiles/cmTC_94e6c.dir/build
gmake[1]: ingresso nella directory «/home/christian/Scrivania/konro_backprop/build/CMakeFiles/CMakeTmp»
Building CXX object CMakeFiles/cmTC_94e6c.dir/OpenMPTryFlag.cpp.o
/usr/bin/clang++   -fopenmp=libomp -v -std=gnu++20 -MD -MT CMakeFiles/cmTC_94e6c.dir/OpenMPTryFlag.cpp.o -MF CMakeFiles/cmTC_94e6c.dir/OpenMPTryFlag.cpp.o.d -o CMakeFiles/cmTC_94e6c.dir/OpenMPTryFlag.cpp.o -c /home/christian/Scrivania/konro_backprop/build/CMakeFiles/FindOpenMP/OpenMPTryFlag.cpp
Ubuntu clang version 14.0.0-1ubuntu1.1
Target: aarch64-unknown-linux-gnu
Thread model: posix
InstalledDir: /usr/bin
Found candidate GCC installation: /usr/bin/../lib/gcc/aarch64-linux-gnu/11
Found candidate GCC installation: /usr/bin/../lib/gcc/aarch64-linux-gnu/13
Selected GCC installation: /usr/bin/../lib/gcc/aarch64-linux-gnu/13
Candidate multilib: .;@m64
Selected multilib: .;@m64
 (in-process)
 "/usr/lib/llvm-14/bin/clang" -cc1 -triple aarch64-unknown-linux-gnu -emit-obj -mrelax-all --mrelax-relocations -disable-free -clear-ast-before-backend -disable-llvm-verifier -discard-value-names -main-file-name OpenMPTryFlag.cpp -mrelocation-model pic -pic-level 2 -pic-is-pie -mframe-pointer=non-leaf -fmath-errno -ffp-contract=on -fno-rounding-math -mconstructor-aliases -funwind-tables=2 -target-cpu generic -target-feature +neon -target-feature +v8a -target-abi aapcs -fallow-half-arguments-and-returns -mllvm -treat-scalable-fixed-error-as-warning -debugger-tuning=gdb -v -fcoverage-compilation-dir=/home/christian/Scrivania/konro_backprop/build/CMakeFiles/CMakeTmp -resource-dir /usr/lib/llvm-14/lib/clang/14.0.0 -dependency-file CMakeFiles/cmTC_94e6c.dir/OpenMPTryFlag.cpp.o.d -MT CMakeFiles/cmTC_94e6c.dir/OpenMPTryFlag.cpp.o -sys-header-deps -internal-isystem /usr/bin/../lib/gcc/aarch64-linux-gnu/13/../../../../include/c++/13 -internal-isystem /usr/bin/../lib/gcc/aarch64-linux-gnu/13/../../../../include/aarch64-linux-gnu/c++/13 -internal-isystem /usr/bin/../lib/gcc/aarch64-linux-gnu/13/../../../../include/c++/13/backward -internal-isystem /usr/lib/llvm-14/lib/clang/14.0.0/include -internal-isystem /usr/local/include -internal-isystem /usr/bin/../lib/gcc/aarch64-linux-gnu/13/../../../../aarch64-linux-gnu/include -internal-externc-isystem /usr/include/aarch64-linux-gnu -internal-externc-isystem /include -internal-externc-isystem /usr/include -std=gnu++20 -fdeprecated-macro -fdebug-compilation-dir=/home/christian/Scrivania/konro_backprop/build/CMakeFiles/CMakeTmp -ferror-limit 19 -fopenmp -fopenmp-target-new-runtime -fno-signed-char -fgnuc-version=4.2.1 -fcxx-exceptions -fexceptions -target-feature +outline-atomics -faddrsig -D__GCC_HAVE_DWARF2_CFI_ASM=1 -o CMakeFiles/cmTC_94e6c.dir/OpenMPTryFlag.cpp.o -x c++ /home/christian/Scrivania/konro_backprop/build/CMakeFiles/FindOpenMP/OpenMPTryFlag.cpp
clang -cc1 version 14.0.0 based upon LLVM 14.0.0 default target aarch64-unknown-linux-gnu
ignoring nonexistent directory "/usr/bin/../lib/gcc/aarch64-linux-gnu/13/../../../../aarch64-linux-gnu/include"
ignoring nonexistent directory "/include"
#include "..." search starts here:
#include <...> search starts here:
 /usr/bin/../lib/gcc/aarch64-linux-gnu/13/../../../../include/c++/13
 /usr/bin/../lib/gcc/aarch64-linux-gnu/13/../../../../include/aarch64-linux-gnu/c++/13
 /usr/bin/../lib/gcc/aarch64-linux-gnu/13/../../../../include/c++/13/backward
 /usr/lib/llvm-14/lib/clang/14.0.0/include
 /usr/local/include
 /usr/include/aarch64-linux-gnu
 /usr/include
End of search list.
Linking CXX executable cmTC_94e6c
/usr/bin/cmake -E cmake_link_script CMakeFiles/cmTC_94e6c.dir/link.txt --verbose=1
/usr/bin/clang++  -fopenmp=libomp -v CMakeFiles/cmTC_94e6c.dir/OpenMPTryFlag.cpp.o -o cmTC_94e6c  -v 
Ubuntu clang version 14.0.0-1ubuntu1.1
Target: aarch64-unknown-linux-gnu
Thread model: posix
InstalledDir: /usr/bin
Found candidate GCC installation: /usr/bin/../lib/gcc/aarch64-linux-gnu/11
Found candidate GCC installation: /usr/bin/../lib/gcc/aarch64-linux-gnu/13
Selected GCC installation: /usr/bin/../lib/gcc/aarch64-linux-gnu/13
Candidate multilib: .;@m64
Selected multilib: .;@m64
 "/usr/bin/ld" -pie -EL -z relro --hash-style=gnu --build-id --eh-frame-hdr -m aarch64linux -dynamic-linker /lib/ld-linux-aarch64.so.1 -o cmTC_94e6c /lib/aarch64-linux-gnu/Scrt1.o /lib/aarch64-linux-gnu/crti.o /usr/bin/../lib/gcc/aarch64-linux-gnu/13/crtbeginS.o -L/usr/bin/../lib/gcc/aarch64-linux-gnu/13 -L/lib/aarch64-linux-gnu -L/usr/lib/aarch64-linux-gnu -L/usr/lib/llvm-14/bin/../lib -L/lib -L/usr/lib -L. -L/usr/lib/aarch64-linux-gnu/ CMakeFiles/cmTC_94e6c.dir/OpenMPTryFlag.cpp.o -lstdc++ -lm -lomp -rpath /usr/lib/llvm-14/lib -lgcc_s -lgcc -lpthread -lc -lgcc_s -lgcc /usr/bin/../lib/gcc/aarch64-linux-gnu/13/crtendS.o /lib/aarch64-linux-gnu/crtn.o
gmake[1]: uscita dalla directory «/home/christian/Scrivania/konro_backprop/build/CMakeFiles/CMakeTmp»



Parsed CXX OpenMP implicit link information from above output:
  link line regex: [^( *|.*[/\])(ld|CMAKE_LINK_STARTFILE-NOTFOUND|([^/\]+-)?ld|collect2)[^/\]*( |$)]
  ignore line: [Change Dir: /home/christian/Scrivania/konro_backprop/build/CMakeFiles/CMakeTmp]
  ignore line: []
  ignore line: [Run Build Command(s):/usr/bin/gmake -f Makefile cmTC_94e6c/fast && /usr/bin/gmake  -f CMakeFiles/cmTC_94e6c.dir/build.make CMakeFiles/cmTC_94e6c.dir/build]
  ignore line: [gmake[1]: ingresso nella directory «/home/christian/Scrivania/konro_backprop/build/CMakeFiles/CMakeTmp»]
  ignore line: [Building CXX object CMakeFiles/cmTC_94e6c.dir/OpenMPTryFlag.cpp.o]
  ignore line: [/usr/bin/clang++   -fopenmp=libomp -v -std=gnu++20 -MD -MT CMakeFiles/cmTC_94e6c.dir/OpenMPTryFlag.cpp.o -MF CMakeFiles/cmTC_94e6c.dir/OpenMPTryFlag.cpp.o.d -o CMakeFiles/cmTC_94e6c.dir/OpenMPTryFlag.cpp.o -c /home/christian/Scrivania/konro_backprop/build/CMakeFiles/FindOpenMP/OpenMPTryFlag.cpp]
  ignore line: [Ubuntu clang version 14.0.0-1ubuntu1.1]
  ignore line: [Target: aarch64-unknown-linux-gnu]
  ignore line: [Thread model: posix]
  ignore line: [InstalledDir: /usr/bin]
  ignore line: [Found candidate GCC installation: /usr/bin/../lib/gcc/aarch64-linux-gnu/11]
  ignore line: [Found candidate GCC installation: /usr/bin/../lib/gcc/aarch64-linux-gnu/13]
  ignore line: [Selected GCC installation: /usr/bin/../lib/gcc/aarch64-linux-gnu/13]
  ignore line: [Candidate multilib: .]
  ignore line: [@m64]
  ignore line: [Selected multilib: .]
  ignore line: [@m64]
  ignore line: [ (in-process)]
  ignore line: [ "/usr/lib/llvm-14/bin/clang" -cc1 -triple aarch64-unknown-linux-gnu -emit-obj -mrelax-all --mrelax-relocations -disable-free -clear-ast-before-backend -disable-llvm-verifier -discard-value-names -main-file-name OpenMPTryFlag.cpp -mrelocation-model pic -pic-level 2 -pic-is-pie -mframe-pointer=non-leaf -fmath-errno -ffp-contract=on -fno-rounding-math -mconstructor-aliases -funwind-tables=2 -target-cpu generic -target-feature +neon -target-feature +v8a -target-abi aapcs -fallow-half-arguments-and-returns -mllvm -treat-scalable-fixed-error-as-warning -debugger-tuning=gdb -v -fcoverage-compilation-dir=/home/christian/Scrivania/konro_backprop/build/CMakeFiles/CMakeTmp -resource-dir /usr/lib/llvm-14/lib/clang/14.0.0 -dependency-file CMakeFiles/cmTC_94e6c.dir/OpenMPTryFlag.cpp.o.d -MT CMakeFiles/cmTC_94e6c.dir/OpenMPTryFlag.cpp.o -sys-header-deps -internal-isystem /usr/bin/../lib/gcc/aarch64-linux-gnu/13/../../../../include/c++/13 -internal-isystem /usr/bin/../lib/gcc/aarch64-linux-gnu/13/../../../../include/aarch64-linux-gnu/c++/13 -internal-isystem /usr/bin/../lib/gcc/aarch64-linux-gnu/13/../../../../include/c++/13/backward -internal-isystem /usr/lib/llvm-14/lib/clang/14.0.0/include -internal-isystem /usr/local/include -internal-isystem /usr/bin/../lib/gcc/aarch64-linux-gnu/13/../../../../aarch64-linux-gnu/include -internal-externc-isystem /usr/include/aarch64-linux-gnu -internal-externc-isystem /include -internal-externc-isystem /usr/include -std=gnu++20 -fdeprecated-macro -fdebug-compilation-dir=/home/christian/Scrivania/konro_backprop/build/CMakeFiles/CMakeTmp -ferror-limit 19 -fopenmp -fopenmp-target-new-runtime -fno-signed-char -fgnuc-version=4.2.1 -fcxx-exceptions -fexceptions -target-feature +outline-atomics -faddrsig -D__GCC_HAVE_DWARF2_CFI_ASM=1 -o CMakeFiles/cmTC_94e6c.dir/OpenMPTryFlag.cpp.o -x c++ /home/christian/Scrivania/konro_backprop/build/CMakeFiles/FindOpenMP/OpenMPTryFlag.cpp]
  ignore line: [clang -cc1 version 14.0.0 based upon LLVM 14.0.0 default target aarch64-unknown-linux-gnu]
  ignore line: [ignoring nonexistent directory "/usr/bin/../lib/gcc/aarch64-linux-gnu/13/../../../../aarch64-linux-gnu/include"]
  ignore line: [ignoring nonexistent directory "/include"]
  ignore line: [#include "..." search starts here:]
  ignore line: [#include <...> search starts here:]
  ignore line: [ /usr/bin/../lib/gcc/aarch64-linux-gnu/13/../../../../include/c++/13]
  ignore line: [ /usr/bin/../lib/gcc/aarch64-linux-gnu/13/../../../../include/aarch64-linux-gnu/c++/13]
  ignore line: [ /usr/bin/../lib/gcc/aarch64-linux-gnu/13/../../../../include/c++/13/backward]
  ignore line: [ /usr/lib/llvm-14/lib/clang/14.0.0/include]
  ignore line: [ /usr/local/include]
  ignore line: [ /usr/include/aarch64-linux-gnu]
  ignore line: [ /usr/include]
  ignore line: [End of search list.]
  ignore line: [Linking CXX executable cmTC_94e6c]
  ignore line: [/usr/bin/cmake -E cmake_link_script CMakeFiles/cmTC_94e6c.dir/link.txt --verbose=1]
  ignore line: [/usr/bin/clang++  -fopenmp=libomp -v CMakeFiles/cmTC_94e6c.dir/OpenMPTryFlag.cpp.o -o cmTC_94e6c  -v ]
  ignore line: [Ubuntu clang version 14.0.0-1ubuntu1.1]
  ignore line: [Target: aarch64-unknown-linux-gnu]
  ignore line: [Thread model: posix]
  ignore line: [InstalledDir: /usr/bin]
  ignore line: [Found candidate GCC installation: /usr/bin/../lib/gcc/aarch64-linux-gnu/11]
  ignore line: [Found candidate GCC installation: /usr/bin/../lib/gcc/aarch64-linux-gnu/13]
  ignore line: [Selected GCC installation: /usr/bin/../lib/gcc/aarch64-linux-gnu/13]
  ignore line: [Candidate multilib: .]
  ignore line: [@m64]
  ignore line: [Selected multilib: .]
  ignore line: [@m64]
  link line: [ "/usr/bin/ld" -pie -EL -z relro --hash-style=gnu --build-id --eh-frame-hdr -m aarch64linux -dynamic-linker /lib/ld-linux-aarch64.so.1 -o cmTC_94e6c /lib/aarch64-linux-gnu/Scrt1.o /lib/aarch64-linux-gnu/crti.o /usr/bin/../lib/gcc/aarch64-linux-gnu/13/crtbeginS.o -L/usr/bin/../lib/gcc/aarch64-linux-gnu/13 -L/lib/aarch64-linux-gnu -L/usr/lib/aarch64-linux-gnu -L/usr/lib/llvm-14/bin/../lib -L/lib -L/usr/lib -L. -L/usr/lib/aarch64-linux-gnu/ CMakeFiles/cmTC_94e6c.dir/OpenMPTryFlag.cpp.o -lstdc++ -lm -lomp -rpath /usr/lib/llvm-14/lib -lgcc_s -lgcc -lpthread -lc -lgcc_s -lgcc /usr/bin/../lib/gcc/aarch64-linux-gnu/13/crtendS.o /lib/aarch64-linux-gnu/crtn.o]
    arg [/usr/bin/ld] ==> ignore
    arg [-pie] ==> ignore
    arg [-EL] ==> ignore
    arg [-zrelro] ==> ignore
    arg [--hash-style=gnu] ==> ignore
    arg [--build-id] ==> ignore
    arg [--eh-frame-hdr] ==> ignore
    arg [-m] ==> ignore
    arg [aarch64linux] ==> ignore
    arg [-dynamic-linker] ==> ignore
    arg [/lib/ld-linux-aarch64.so.1] ==> ignore
    arg [-o] ==> ignore
    arg [cmTC_94e6c] ==> ignore
    arg [-L/usr/bin/../lib/gcc/aarch64-linux-gnu/13] ==> dir [/usr/bin/../lib/gcc/aarch64-linux-gnu/13]
    arg [-L/lib/aarch64-linux-gnu] ==> dir [/lib/aarch64-linux-gnu]
    arg [-L/usr/lib/aarch64-linux-gnu] ==> dir [/usr/lib/aarch64-linux-gnu]
    arg [-L/usr/lib/llvm-14/bin/../lib] ==> dir [/usr/lib/llvm-14/bin/../lib]
    arg [-L/lib] ==> dir [/lib]
    arg [-L/usr/lib] ==> dir [/usr/lib]
    arg [-L.] ==> ignore
    arg [-L/usr/lib/aarch64-linux-gnu/] ==> dir [/usr/lib/aarch64-linux-gnu/]
    arg [CMakeFiles/cmTC_94e6c.dir/OpenMPTryFlag.cpp.o] ==> ignore
    arg [-lstdc++] ==> lib [stdc++]
    arg [-lm] ==> lib [m]
    arg [-lomp] ==> lib [omp]
    arg [-rpath] ==> ignore
    arg [/usr/lib/llvm-14/lib] ==> ignore
    arg [-lgcc_s] ==> lib [gcc_s]
    arg [-lgcc] ==> lib [gcc]
    arg [-lpthread] ==> lib [pthread]
    arg [-lc] ==> lib [c]
    arg [-lgcc_s] ==> lib [gcc_s]
    arg [-lgcc] ==> lib [gcc]
  collapse library dir [/usr/bin/../lib/gcc/aarch64-linux-gnu/13] ==> [/usr/lib/gcc/aarch64-linux-gnu/13]
  collapse library dir [/lib/aarch64-linux-gnu] ==> [/lib/aarch64-linux-gnu]
  collapse library dir [/usr/lib/aarch64-linux-gnu] ==> [/usr/lib/aarch64-linux-gnu]
  collapse library dir [/usr/lib/llvm-14/bin/../lib] ==> [/usr/lib/llvm-14/lib]
  collapse library dir [/lib] ==> [/lib]
  collapse library dir [/usr/lib] ==> [/usr/lib]
  collapse library dir [/usr/lib/aarch64-linux-gnu/] ==> [/usr/lib/aarch64-linux-gnu]
  implicit libs: [stdc++;m;omp;gcc_s;gcc;pthread;c;gcc_s;gcc]
  implicit objs: []
  implicit dirs: [/usr/lib/gcc/aarch64-linux-gnu/13;/lib/aarch64-linux-gnu;/usr/lib/aarch64-linux-gnu;/usr/lib/llvm-14/lib;/lib;/usr/lib]
  implicit fwks: []


