2024-09-08 11:37:04,032 [INFO] KONRO starting
2024-09-08 11:37:04,033 [INFO] MAIN creating KonroManager
2024-09-08 11:37:04,074 [INFO] MAIN Konro configuration file is /home/christian/konro.ini
2024-09-08 11:37:04,075 [INFO] MAIN configuration: policy = DromRandomPolicy
2024-09-08 11:37:04,075 [INFO] MAIN configuration: policy timer seconds = 0
2024-09-08 11:37:04,075 [INFO] MAIN configuration: monitor period seconds = 15
2024-09-08 11:37:04,075 [INFO] MAIN configuration: CPU module names = coretemp,k10temp,k8temp,cputemp
2024-09-08 11:37:04,075 [INFO] MAIN configuration: battery module names = BAT
2024-09-08 11:37:04,075 [INFO] MAIN configuration: HTTP listen on 0.0.0.0:8080
2024-09-08 11:37:04,075 [INFO] MAIN configuration: change container cgroup = false
2024-09-08 11:37:04,075 [INFO] MAIN configuration: change Kubernetes cgroup = false
2024-09-08 11:37:04,075 [INFO] CGROUPCONTROL removing directory /sys/fs/cgroup/konro.slice
2024-09-08 11:37:04,076 [ERROR] Could not remove directory /sys/fs/cgroup/konro.slice: Permission denied
2024-09-08 11:37:04,088 [INFO] Registered as drom administrator
2024-09-08 11:37:04,088 [INFO] Registered as drom administrator
2024-09-08 11:37:04,088 [DEBUG] Start Dump Pid List {
2024-09-08 11:37:04,088 [DEBUG] 6234
2024-09-08 11:37:04,088 [DEBUG] }
2024-09-08 11:37:04,089 [INFO] PLATFORMDESCRIPTION: {"totalRamKb":5537704,"totalSwapKb":2191356,"coreTopology": [{"idx":0,"core":0,"L1cache":-1,"L2cache":-1,"L3cache":-1,"L4cache":-1,"L5cache":-1,"cpu":36},{"idx":1,"core":1,"L1cache":-1,"L2cache":-1,"L3cache":-1,"L4cache":-1,"L5cache":-1,"cpu":36},{"idx":2,"core":2,"L1cache":-1,"L2cache":-1,"L3cache":-1,"L4cache":-1,"L5cache":-1,"cpu":36},{"idx":3,"core":3,"L1cache":-1,"L2cache":-1,"L3cache":-1,"L4cache":-1,"L5cache":-1,"cpu":36}]}
2024-09-08 11:37:04,089 [INFO] setBatteryModuleNames: BAT
2024-09-08 11:37:04,089 [INFO] MAIN starting WorkloadManager thread
2024-09-08 11:37:04,089 [INFO] MAIN starting PolicyManager thread
2024-09-08 11:37:04,089 [INFO] MAIN PolicyTimer thread not started (timerseconds is 0)
2024-09-08 11:37:04,089 [INFO] MAIN starting PlatformMonitor thread
2024-09-08 11:37:04,089 [INFO] WORKLOADMANAGER starts
2024-09-08 11:37:04,089 [INFO] MAIN starting HTTP thread
2024-09-08 11:37:04,089 [INFO] POLICYMANAGER starts
2024-09-08 11:37:04,089 [INFO] KONROHTTP thread starting
2024-09-08 11:37:04,089 [INFO] MAIN running ProcListener in the main thread
2024-09-08 11:37:04,089 [INFO] PROCLISTENER running
2024-09-08 11:37:04,089 [INFO] KONROHTTP server starting
2024-09-08 11:37:04,089 [INFO] PLATFORMMONITOR running
2024-09-08 11:37:04,089 [ERROR] PROCLISTENER could not bind Netlink socket Operation not permitted
2024-09-08 11:37:04,089 [INFO] KONROMANAGER stopping threads
2024-09-08 11:37:04,089 [INFO] KONROHTTP server stopped
2024-09-08 11:37:04,089 [INFO] KONROMANAGER joining threads
2024-09-08 11:37:04,090 [INFO] KONROHTTP thread exiting
2024-09-08 11:37:05,090 [INFO] PLATFORMMONITOR exiting
2024-09-08 11:37:09,089 [INFO] WORKLOADMANAGER stops
2024-09-08 11:37:09,089 [INFO] POLICYMANAGER stops
2024-09-08 11:37:09,089 [INFO] KONROMANAGER exiting
2024-09-08 11:37:09,090 [INFO] MAIN exiting
2024-09-08 11:37:44,195 [INFO] KONRO starting
2024-09-08 11:37:44,196 [INFO] MAIN creating KonroManager
2024-09-08 11:37:44,233 [INFO] MAIN Konro configuration file is /home/christian/konro.ini
2024-09-08 11:37:44,233 [INFO] MAIN configuration: policy = DromRandomPolicy
2024-09-08 11:37:44,233 [INFO] MAIN configuration: policy timer seconds = 0
2024-09-08 11:37:44,233 [INFO] MAIN configuration: monitor period seconds = 15
2024-09-08 11:37:44,233 [INFO] MAIN configuration: CPU module names = coretemp,k10temp,k8temp,cputemp
2024-09-08 11:37:44,234 [INFO] MAIN configuration: battery module names = BAT
2024-09-08 11:37:44,234 [INFO] MAIN configuration: HTTP listen on 0.0.0.0:8080
2024-09-08 11:37:44,234 [INFO] MAIN configuration: change container cgroup = false
2024-09-08 11:37:44,234 [INFO] MAIN configuration: change Kubernetes cgroup = false
2024-09-08 11:37:44,234 [INFO] CGROUPCONTROL removing directory /sys/fs/cgroup/konro.slice
2024-09-08 11:37:44,234 [ERROR] Could not remove directory /sys/fs/cgroup/konro.slice: Permission denied
2024-09-08 11:37:44,240 [INFO] Registered as drom administrator
2024-09-08 11:37:44,240 [INFO] Registered as drom administrator
2024-09-08 11:37:44,240 [DEBUG] Start Dump Pid List {
2024-09-08 11:37:44,240 [DEBUG] 6315
2024-09-08 11:37:44,240 [DEBUG] }
2024-09-08 11:37:44,240 [INFO] PLATFORMDESCRIPTION: {"totalRamKb":5537704,"totalSwapKb":2191356,"coreTopology": [{"idx":0,"core":0,"L1cache":-1,"L2cache":-1,"L3cache":-1,"L4cache":-1,"L5cache":-1,"cpu":36},{"idx":1,"core":1,"L1cache":-1,"L2cache":-1,"L3cache":-1,"L4cache":-1,"L5cache":-1,"cpu":36},{"idx":2,"core":2,"L1cache":-1,"L2cache":-1,"L3cache":-1,"L4cache":-1,"L5cache":-1,"cpu":36},{"idx":3,"core":3,"L1cache":-1,"L2cache":-1,"L3cache":-1,"L4cache":-1,"L5cache":-1,"cpu":36}]}
2024-09-08 11:37:44,240 [INFO] setBatteryModuleNames: BAT
2024-09-08 11:37:44,241 [INFO] MAIN starting WorkloadManager thread
2024-09-08 11:37:44,241 [INFO] MAIN starting PolicyManager thread
2024-09-08 11:37:44,241 [INFO] MAIN PolicyTimer thread not started (timerseconds is 0)
2024-09-08 11:37:44,241 [INFO] MAIN starting PlatformMonitor thread
2024-09-08 11:37:44,241 [INFO] MAIN starting HTTP thread
2024-09-08 11:37:44,241 [INFO] MAIN running ProcListener in the main thread
2024-09-08 11:37:44,241 [INFO] PROCLISTENER running
2024-09-08 11:37:44,241 [INFO] KONROHTTP thread starting
2024-09-08 11:37:44,241 [ERROR] PROCLISTENER could not bind Netlink socket Operation not permitted
2024-09-08 11:37:44,241 [INFO] KONROMANAGER stopping threads
2024-09-08 11:37:44,241 [INFO] KONROHTTP server stopped
2024-09-08 11:37:44,241 [INFO] KONROMANAGER joining threads
2024-09-08 11:37:44,241 [INFO] KONROHTTP server starting
2024-09-08 11:37:44,241 [INFO] WORKLOADMANAGER starts
2024-09-08 11:37:44,241 [INFO] WORKLOADMANAGER stops
2024-09-08 11:37:44,241 [INFO] PLATFORMMONITOR running
2024-09-08 11:37:44,241 [INFO] PLATFORMMONITOR exiting
2024-09-08 11:37:44,241 [INFO] POLICYMANAGER starts
2024-09-08 11:37:44,241 [INFO] POLICYMANAGER stops
2024-09-08 11:37:49,268 [INFO] KONROHTTP ADD POST received
2024-09-08 11:37:49,268 [INFO] KONROHTTP publishing AddRequestEvent for pid 6355 in ns 4026531836 with name "/home/christian/Scrivania/konro_backprop/build/src/./runner" and type "INTEGRATED"
2024-09-08 11:38:51,385 [INFO] KONROHTTP ADD POST received
2024-09-08 11:38:51,385 [INFO] KONROHTTP publishing AddRequestEvent for pid 6400 in ns 4026531836 with name "/home/christian/Scrivania/konro_backprop/build/src/./runner" and type "INTEGRATED"
2024-09-08 11:43:37,118 [INFO] MAIN Ctrl-C: stopping konro
2024-09-08 11:43:37,118 [DEBUG] PROCLISTENER sending STOP message from thread 6315
2024-09-08 11:43:37,118 [DEBUG] PROCLISTENER sendNetlinkMessage: nsent is -1, nlmsgSize is 40
2024-09-08 11:43:37,118 [ERROR] PROCLISTENER could not send STOP message to thread
2024-09-08 11:43:37,521 [INFO] MAIN Ctrl-C: stopping konro
2024-09-08 11:43:37,521 [DEBUG] PROCLISTENER sending STOP message from thread 6315
2024-09-08 11:43:37,521 [DEBUG] PROCLISTENER sendNetlinkMessage: nsent is -1, nlmsgSize is 40
2024-09-08 11:43:37,521 [ERROR] PROCLISTENER could not send STOP message to thread
2024-09-08 11:43:37,873 [INFO] MAIN Ctrl-C: stopping konro
2024-09-08 11:43:37,873 [DEBUG] PROCLISTENER sending STOP message from thread 6315
2024-09-08 11:43:37,873 [DEBUG] PROCLISTENER sendNetlinkMessage: nsent is -1, nlmsgSize is 40
2024-09-08 11:43:37,873 [ERROR] PROCLISTENER could not send STOP message to thread
2024-09-08 11:43:38,134 [INFO] MAIN Ctrl-C: stopping konro
2024-09-08 11:43:38,134 [DEBUG] PROCLISTENER sending STOP message from thread 6315
2024-09-08 11:43:38,134 [DEBUG] PROCLISTENER sendNetlinkMessage: nsent is -1, nlmsgSize is 40
2024-09-08 11:43:38,134 [ERROR] PROCLISTENER could not send STOP message to thread
2024-09-08 11:43:38,386 [INFO] MAIN Ctrl-C: stopping konro
2024-09-08 11:43:38,386 [DEBUG] PROCLISTENER sending STOP message from thread 6315
2024-09-08 11:43:38,386 [DEBUG] PROCLISTENER sendNetlinkMessage: nsent is -1, nlmsgSize is 40
2024-09-08 11:43:38,386 [ERROR] PROCLISTENER could not send STOP message to thread
2024-09-08 11:43:38,598 [INFO] MAIN Ctrl-C: stopping konro
2024-09-08 11:43:38,598 [DEBUG] PROCLISTENER sending STOP message from thread 6315
2024-09-08 11:43:38,598 [DEBUG] PROCLISTENER sendNetlinkMessage: nsent is -1, nlmsgSize is 40
2024-09-08 11:43:38,598 [ERROR] PROCLISTENER could not send STOP message to thread
2024-09-08 11:43:38,817 [INFO] MAIN Ctrl-C: stopping konro
2024-09-08 11:43:38,817 [DEBUG] PROCLISTENER sending STOP message from thread 6315
2024-09-08 11:43:38,817 [DEBUG] PROCLISTENER sendNetlinkMessage: nsent is -1, nlmsgSize is 40
2024-09-08 11:43:38,817 [ERROR] PROCLISTENER could not send STOP message to thread
2024-09-08 11:43:46,096 [INFO] MAIN Ctrl-C: stopping konro
2024-09-08 11:43:46,097 [DEBUG] PROCLISTENER sending STOP message from thread 6315
2024-09-08 11:43:46,097 [DEBUG] PROCLISTENER sendNetlinkMessage: nsent is -1, nlmsgSize is 40
2024-09-08 11:43:46,097 [ERROR] PROCLISTENER could not send STOP message to thread
2024-09-08 11:43:46,596 [INFO] MAIN Ctrl-C: stopping konro
2024-09-08 11:43:46,597 [DEBUG] PROCLISTENER sending STOP message from thread 6315
2024-09-08 11:43:46,597 [DEBUG] PROCLISTENER sendNetlinkMessage: nsent is -1, nlmsgSize is 40
2024-09-08 11:43:46,597 [ERROR] PROCLISTENER could not send STOP message to thread
2024-09-08 11:43:46,632 [INFO] MAIN Ctrl-C: stopping konro
2024-09-08 11:43:46,632 [DEBUG] PROCLISTENER sending STOP message from thread 6315
2024-09-08 11:43:46,632 [DEBUG] PROCLISTENER sendNetlinkMessage: nsent is -1, nlmsgSize is 40
2024-09-08 11:43:46,632 [ERROR] PROCLISTENER could not send STOP message to thread
2024-09-08 11:43:46,659 [INFO] MAIN Ctrl-C: stopping konro
2024-09-08 11:43:46,659 [DEBUG] PROCLISTENER sending STOP message from thread 6315
2024-09-08 11:43:46,659 [DEBUG] PROCLISTENER sendNetlinkMessage: nsent is -1, nlmsgSize is 40
2024-09-08 11:43:46,659 [ERROR] PROCLISTENER could not send STOP message to thread
2024-09-08 11:43:46,686 [INFO] MAIN Ctrl-C: stopping konro
2024-09-08 11:43:46,686 [DEBUG] PROCLISTENER sending STOP message from thread 6315
2024-09-08 11:43:46,686 [DEBUG] PROCLISTENER sendNetlinkMessage: nsent is -1, nlmsgSize is 40
2024-09-08 11:43:46,686 [ERROR] PROCLISTENER could not send STOP message to thread
2024-09-08 11:43:46,716 [INFO] MAIN Ctrl-C: stopping konro
2024-09-08 11:43:46,716 [DEBUG] PROCLISTENER sending STOP message from thread 6315
2024-09-08 11:43:46,716 [DEBUG] PROCLISTENER sendNetlinkMessage: nsent is -1, nlmsgSize is 40
2024-09-08 11:43:46,716 [ERROR] PROCLISTENER could not send STOP message to thread
2024-09-08 11:43:46,747 [INFO] MAIN Ctrl-C: stopping konro
2024-09-08 11:43:46,747 [DEBUG] PROCLISTENER sending STOP message from thread 6315
2024-09-08 11:43:46,747 [DEBUG] PROCLISTENER sendNetlinkMessage: nsent is -1, nlmsgSize is 40
2024-09-08 11:43:46,747 [ERROR] PROCLISTENER could not send STOP message to thread
2024-09-08 11:43:46,777 [INFO] MAIN Ctrl-C: stopping konro
2024-09-08 11:43:46,777 [DEBUG] PROCLISTENER sending STOP message from thread 6315
2024-09-08 11:43:46,777 [DEBUG] PROCLISTENER sendNetlinkMessage: nsent is -1, nlmsgSize is 40
2024-09-08 11:43:46,777 [ERROR] PROCLISTENER could not send STOP message to thread
2024-09-08 11:43:46,807 [INFO] MAIN Ctrl-C: stopping konro
2024-09-08 11:43:46,807 [DEBUG] PROCLISTENER sending STOP message from thread 6315
2024-09-08 11:43:46,807 [DEBUG] PROCLISTENER sendNetlinkMessage: nsent is -1, nlmsgSize is 40
2024-09-08 11:43:46,807 [ERROR] PROCLISTENER could not send STOP message to thread
2024-09-08 11:43:46,837 [INFO] MAIN Ctrl-C: stopping konro
2024-09-08 11:43:46,837 [DEBUG] PROCLISTENER sending STOP message from thread 6315
2024-09-08 11:43:46,837 [DEBUG] PROCLISTENER sendNetlinkMessage: nsent is -1, nlmsgSize is 40
2024-09-08 11:43:46,837 [ERROR] PROCLISTENER could not send STOP message to thread
2024-09-08 11:43:46,867 [INFO] MAIN Ctrl-C: stopping konro
2024-09-08 11:43:46,867 [DEBUG] PROCLISTENER sending STOP message from thread 6315
2024-09-08 11:43:46,867 [DEBUG] PROCLISTENER sendNetlinkMessage: nsent is -1, nlmsgSize is 40
2024-09-08 11:43:46,867 [ERROR] PROCLISTENER could not send STOP message to thread
2024-09-08 11:43:46,897 [INFO] MAIN Ctrl-C: stopping konro
2024-09-08 11:43:46,897 [DEBUG] PROCLISTENER sending STOP message from thread 6315
2024-09-08 11:43:46,897 [DEBUG] PROCLISTENER sendNetlinkMessage: nsent is -1, nlmsgSize is 40
2024-09-08 11:43:46,897 [ERROR] PROCLISTENER could not send STOP message to thread
2024-09-08 11:43:46,926 [INFO] MAIN Ctrl-C: stopping konro
2024-09-08 11:43:46,926 [DEBUG] PROCLISTENER sending STOP message from thread 6315
2024-09-08 11:43:46,926 [DEBUG] PROCLISTENER sendNetlinkMessage: nsent is -1, nlmsgSize is 40
2024-09-08 11:43:46,926 [ERROR] PROCLISTENER could not send STOP message to thread
2024-09-08 11:43:46,956 [INFO] MAIN Ctrl-C: stopping konro
2024-09-08 11:43:46,956 [DEBUG] PROCLISTENER sending STOP message from thread 6315
2024-09-08 11:43:46,956 [DEBUG] PROCLISTENER sendNetlinkMessage: nsent is -1, nlmsgSize is 40
2024-09-08 11:43:46,956 [ERROR] PROCLISTENER could not send STOP message to thread
2024-09-08 11:43:46,987 [INFO] MAIN Ctrl-C: stopping konro
2024-09-08 11:43:46,987 [DEBUG] PROCLISTENER sending STOP message from thread 6315
2024-09-08 11:43:46,987 [DEBUG] PROCLISTENER sendNetlinkMessage: nsent is -1, nlmsgSize is 40
2024-09-08 11:43:46,987 [ERROR] PROCLISTENER could not send STOP message to thread
2024-09-08 11:43:47,016 [INFO] MAIN Ctrl-C: stopping konro
2024-09-08 11:43:47,016 [DEBUG] PROCLISTENER sending STOP message from thread 6315
2024-09-08 11:43:47,016 [DEBUG] PROCLISTENER sendNetlinkMessage: nsent is -1, nlmsgSize is 40
2024-09-08 11:43:47,016 [ERROR] PROCLISTENER could not send STOP message to thread
2024-09-08 11:43:47,047 [INFO] MAIN Ctrl-C: stopping konro
2024-09-08 11:43:47,047 [DEBUG] PROCLISTENER sending STOP message from thread 6315
2024-09-08 11:43:47,047 [DEBUG] PROCLISTENER sendNetlinkMessage: nsent is -1, nlmsgSize is 40
2024-09-08 11:43:47,047 [ERROR] PROCLISTENER could not send STOP message to thread
2024-09-08 11:43:47,077 [INFO] MAIN Ctrl-C: stopping konro
2024-09-08 11:43:47,077 [DEBUG] PROCLISTENER sending STOP message from thread 6315
2024-09-08 11:43:47,077 [DEBUG] PROCLISTENER sendNetlinkMessage: nsent is -1, nlmsgSize is 40
2024-09-08 11:43:47,077 [ERROR] PROCLISTENER could not send STOP message to thread
2024-09-08 11:43:47,107 [INFO] MAIN Ctrl-C: stopping konro
2024-09-08 11:43:47,107 [DEBUG] PROCLISTENER sending STOP message from thread 6315
2024-09-08 11:43:47,107 [DEBUG] PROCLISTENER sendNetlinkMessage: nsent is -1, nlmsgSize is 40
2024-09-08 11:43:47,107 [ERROR] PROCLISTENER could not send STOP message to thread
2024-09-08 11:43:47,136 [INFO] MAIN Ctrl-C: stopping konro
2024-09-08 11:43:47,136 [DEBUG] PROCLISTENER sending STOP message from thread 6315
2024-09-08 11:43:47,136 [DEBUG] PROCLISTENER sendNetlinkMessage: nsent is -1, nlmsgSize is 40
2024-09-08 11:43:47,136 [ERROR] PROCLISTENER could not send STOP message to thread
2024-09-08 11:43:47,166 [INFO] MAIN Ctrl-C: stopping konro
2024-09-08 11:43:47,166 [DEBUG] PROCLISTENER sending STOP message from thread 6315
2024-09-08 11:43:47,166 [DEBUG] PROCLISTENER sendNetlinkMessage: nsent is -1, nlmsgSize is 40
2024-09-08 11:43:47,166 [ERROR] PROCLISTENER could not send STOP message to thread
2024-09-08 11:43:47,196 [INFO] MAIN Ctrl-C: stopping konro
2024-09-08 11:43:47,196 [DEBUG] PROCLISTENER sending STOP message from thread 6315
2024-09-08 11:43:47,196 [DEBUG] PROCLISTENER sendNetlinkMessage: nsent is -1, nlmsgSize is 40
2024-09-08 11:43:47,196 [ERROR] PROCLISTENER could not send STOP message to thread
2024-09-08 11:43:47,226 [INFO] MAIN Ctrl-C: stopping konro
2024-09-08 11:43:47,226 [DEBUG] PROCLISTENER sending STOP message from thread 6315
2024-09-08 11:43:47,226 [DEBUG] PROCLISTENER sendNetlinkMessage: nsent is -1, nlmsgSize is 40
2024-09-08 11:43:47,226 [ERROR] PROCLISTENER could not send STOP message to thread
2024-09-08 11:43:47,256 [INFO] MAIN Ctrl-C: stopping konro
2024-09-08 11:43:47,256 [DEBUG] PROCLISTENER sending STOP message from thread 6315
2024-09-08 11:43:47,256 [DEBUG] PROCLISTENER sendNetlinkMessage: nsent is -1, nlmsgSize is 40
2024-09-08 11:43:47,256 [ERROR] PROCLISTENER could not send STOP message to thread
2024-09-08 11:43:47,286 [INFO] MAIN Ctrl-C: stopping konro
2024-09-08 11:43:47,286 [DEBUG] PROCLISTENER sending STOP message from thread 6315
2024-09-08 11:43:47,286 [DEBUG] PROCLISTENER sendNetlinkMessage: nsent is -1, nlmsgSize is 40
2024-09-08 11:43:47,286 [ERROR] PROCLISTENER could not send STOP message to thread
2024-09-08 11:43:47,319 [INFO] MAIN Ctrl-C: stopping konro
2024-09-08 11:43:47,319 [DEBUG] PROCLISTENER sending STOP message from thread 6315
2024-09-08 11:43:47,319 [DEBUG] PROCLISTENER sendNetlinkMessage: nsent is -1, nlmsgSize is 40
2024-09-08 11:43:47,319 [ERROR] PROCLISTENER could not send STOP message to thread
2024-09-08 11:43:47,348 [INFO] MAIN Ctrl-C: stopping konro
2024-09-08 11:43:47,348 [DEBUG] PROCLISTENER sending STOP message from thread 6315
2024-09-08 11:43:47,348 [DEBUG] PROCLISTENER sendNetlinkMessage: nsent is -1, nlmsgSize is 40
2024-09-08 11:43:47,348 [ERROR] PROCLISTENER could not send STOP message to thread
2024-09-08 11:43:47,376 [INFO] MAIN Ctrl-C: stopping konro
2024-09-08 11:43:47,376 [DEBUG] PROCLISTENER sending STOP message from thread 6315
2024-09-08 11:43:47,376 [DEBUG] PROCLISTENER sendNetlinkMessage: nsent is -1, nlmsgSize is 40
2024-09-08 11:43:47,376 [ERROR] PROCLISTENER could not send STOP message to thread
2024-09-08 11:43:47,407 [INFO] MAIN Ctrl-C: stopping konro
2024-09-08 11:43:47,407 [DEBUG] PROCLISTENER sending STOP message from thread 6315
2024-09-08 11:43:47,407 [DEBUG] PROCLISTENER sendNetlinkMessage: nsent is -1, nlmsgSize is 40
2024-09-08 11:43:47,407 [ERROR] PROCLISTENER could not send STOP message to thread
2024-09-08 11:43:47,436 [INFO] MAIN Ctrl-C: stopping konro
2024-09-08 11:43:47,436 [DEBUG] PROCLISTENER sending STOP message from thread 6315
2024-09-08 11:43:47,436 [DEBUG] PROCLISTENER sendNetlinkMessage: nsent is -1, nlmsgSize is 40
2024-09-08 11:43:47,436 [ERROR] PROCLISTENER could not send STOP message to thread
2024-09-08 11:43:47,466 [INFO] MAIN Ctrl-C: stopping konro
2024-09-08 11:43:47,466 [DEBUG] PROCLISTENER sending STOP message from thread 6315
2024-09-08 11:43:47,466 [DEBUG] PROCLISTENER sendNetlinkMessage: nsent is -1, nlmsgSize is 40
2024-09-08 11:43:47,466 [ERROR] PROCLISTENER could not send STOP message to thread
2024-09-08 11:43:47,496 [INFO] MAIN Ctrl-C: stopping konro
2024-09-08 11:43:47,496 [DEBUG] PROCLISTENER sending STOP message from thread 6315
2024-09-08 11:43:47,496 [DEBUG] PROCLISTENER sendNetlinkMessage: nsent is -1, nlmsgSize is 40
2024-09-08 11:43:47,496 [ERROR] PROCLISTENER could not send STOP message to thread
2024-09-08 11:43:47,527 [INFO] MAIN Ctrl-C: stopping konro
2024-09-08 11:43:47,527 [DEBUG] PROCLISTENER sending STOP message from thread 6315
2024-09-08 11:43:47,527 [DEBUG] PROCLISTENER sendNetlinkMessage: nsent is -1, nlmsgSize is 40
2024-09-08 11:43:47,527 [ERROR] PROCLISTENER could not send STOP message to thread
2024-09-08 11:43:47,558 [INFO] MAIN Ctrl-C: stopping konro
2024-09-08 11:43:47,558 [DEBUG] PROCLISTENER sending STOP message from thread 6315
2024-09-08 11:43:47,558 [DEBUG] PROCLISTENER sendNetlinkMessage: nsent is -1, nlmsgSize is 40
2024-09-08 11:43:47,558 [ERROR] PROCLISTENER could not send STOP message to thread
2024-09-08 11:43:47,589 [INFO] MAIN Ctrl-C: stopping konro
2024-09-08 11:43:47,589 [DEBUG] PROCLISTENER sending STOP message from thread 6315
2024-09-08 11:43:47,589 [DEBUG] PROCLISTENER sendNetlinkMessage: nsent is -1, nlmsgSize is 40
2024-09-08 11:43:47,589 [ERROR] PROCLISTENER could not send STOP message to thread
2024-09-08 11:43:47,618 [INFO] MAIN Ctrl-C: stopping konro
2024-09-08 11:43:47,618 [DEBUG] PROCLISTENER sending STOP message from thread 6315
2024-09-08 11:43:47,618 [DEBUG] PROCLISTENER sendNetlinkMessage: nsent is -1, nlmsgSize is 40
2024-09-08 11:43:47,618 [ERROR] PROCLISTENER could not send STOP message to thread
2024-09-08 11:43:47,649 [INFO] MAIN Ctrl-C: stopping konro
2024-09-08 11:43:47,649 [DEBUG] PROCLISTENER sending STOP message from thread 6315
2024-09-08 11:43:47,649 [DEBUG] PROCLISTENER sendNetlinkMessage: nsent is -1, nlmsgSize is 40
2024-09-08 11:43:47,649 [ERROR] PROCLISTENER could not send STOP message to thread
2024-09-08 11:43:47,677 [INFO] MAIN Ctrl-C: stopping konro
2024-09-08 11:43:47,677 [DEBUG] PROCLISTENER sending STOP message from thread 6315
2024-09-08 11:43:47,677 [DEBUG] PROCLISTENER sendNetlinkMessage: nsent is -1, nlmsgSize is 40
2024-09-08 11:43:47,677 [ERROR] PROCLISTENER could not send STOP message to thread
2024-09-08 11:43:47,706 [INFO] MAIN Ctrl-C: stopping konro
2024-09-08 11:43:47,707 [DEBUG] PROCLISTENER sending STOP message from thread 6315
2024-09-08 11:43:47,707 [DEBUG] PROCLISTENER sendNetlinkMessage: nsent is -1, nlmsgSize is 40
2024-09-08 11:43:47,707 [ERROR] PROCLISTENER could not send STOP message to thread
2024-09-08 11:43:47,736 [INFO] MAIN Ctrl-C: stopping konro
2024-09-08 11:43:47,736 [DEBUG] PROCLISTENER sending STOP message from thread 6315
2024-09-08 11:43:47,736 [DEBUG] PROCLISTENER sendNetlinkMessage: nsent is -1, nlmsgSize is 40
2024-09-08 11:43:47,736 [ERROR] PROCLISTENER could not send STOP message to thread
2024-09-08 11:43:47,766 [INFO] MAIN Ctrl-C: stopping konro
2024-09-08 11:43:47,766 [DEBUG] PROCLISTENER sending STOP message from thread 6315
2024-09-08 11:43:47,766 [DEBUG] PROCLISTENER sendNetlinkMessage: nsent is -1, nlmsgSize is 40
2024-09-08 11:43:47,766 [ERROR] PROCLISTENER could not send STOP message to thread
2024-09-09 13:07:39,154 [INFO] KONRO starting
2024-09-09 13:07:39,155 [INFO] MAIN creating KonroManager
2024-09-09 13:07:39,204 [INFO] MAIN Konro configuration file is /home/christian/konro.ini
2024-09-09 13:07:39,205 [INFO] MAIN configuration: policy = DromRandomPolicy
2024-09-09 13:07:39,205 [INFO] MAIN configuration: policy timer seconds = 0
2024-09-09 13:07:39,205 [INFO] MAIN configuration: monitor period seconds = 15
2024-09-09 13:07:39,205 [INFO] MAIN configuration: CPU module names = coretemp,k10temp,k8temp,cputemp
2024-09-09 13:07:39,205 [INFO] MAIN configuration: battery module names = BAT
2024-09-09 13:07:39,205 [INFO] MAIN configuration: HTTP listen on 0.0.0.0:8080
2024-09-09 13:07:39,205 [INFO] MAIN configuration: change container cgroup = false
2024-09-09 13:07:39,205 [INFO] MAIN configuration: change Kubernetes cgroup = false
2024-09-09 13:07:39,205 [INFO] CGROUPCONTROL cleanup: /sys/fs/cgroup/konro.slice does not exist
2024-09-09 13:07:39,212 [INFO] Registered as drom administrator
2024-09-09 13:07:39,212 [INFO] Registered as drom administrator
2024-09-09 13:07:39,212 [DEBUG] Start Dump Pid List {
2024-09-09 13:07:39,212 [DEBUG] 42894
2024-09-09 13:07:39,212 [DEBUG] 41471
2024-09-09 13:07:39,212 [DEBUG] }
2024-09-09 13:07:39,212 [DEBUG] 

CREATING DROM RAND POLICY



2024-09-09 13:07:39,213 [INFO] PLATFORMDESCRIPTION: {"totalRamKb":5537704,"totalSwapKb":2191356,"coreTopology": [{"idx":0,"core":0,"L1cache":-1,"L2cache":-1,"L3cache":-1,"L4cache":-1,"L5cache":-1,"cpu":36},{"idx":1,"core":1,"L1cache":-1,"L2cache":-1,"L3cache":-1,"L4cache":-1,"L5cache":-1,"cpu":36},{"idx":2,"core":2,"L1cache":-1,"L2cache":-1,"L3cache":-1,"L4cache":-1,"L5cache":-1,"cpu":36},{"idx":3,"core":3,"L1cache":-1,"L2cache":-1,"L3cache":-1,"L4cache":-1,"L5cache":-1,"cpu":36}]}
2024-09-09 13:07:39,213 [INFO] setBatteryModuleNames: BAT
2024-09-09 13:07:39,213 [INFO] MAIN starting WorkloadManager thread
2024-09-09 13:07:39,213 [INFO] MAIN starting PolicyManager thread
2024-09-09 13:07:39,213 [INFO] MAIN PolicyTimer thread not started (timerseconds is 0)
2024-09-09 13:07:39,213 [INFO] MAIN starting PlatformMonitor thread
2024-09-09 13:07:39,213 [INFO] WORKLOADMANAGER starts
2024-09-09 13:07:39,213 [INFO] POLICYMANAGER starts
2024-09-09 13:07:39,213 [INFO] MAIN starting HTTP thread
2024-09-09 13:07:39,213 [INFO] PLATFORMMONITOR running
2024-09-09 13:07:39,213 [INFO] MAIN running ProcListener in the main thread
2024-09-09 13:07:39,213 [INFO] PROCLISTENER running
2024-09-09 13:07:39,213 [INFO] KONROHTTP thread starting
2024-09-09 13:07:39,213 [DEBUG] PROCLISTENER sendNetlinkMessage: nsent is 40, nlmsgSize is 40
2024-09-09 13:07:39,213 [INFO] KONROHTTP server starting
2024-09-09 13:07:44,236 [INFO] KONROHTTP ADD POST received
2024-09-09 13:07:44,236 [INFO] KONROHTTP publishing AddRequestEvent for pid 42934 in ns 4026531836 with name "/home/christian/Scrivania/es_project/konro_backprop/build/src/./runner" and type "INTEGRATED"
2024-09-09 13:07:44,236 [INFO] CGROUPCONTROL addApplication: move PID 42934 to cgroup directory /sys/fs/cgroup/konro.slice/app-42934.scope
2024-09-09 13:07:44,236 [INFO] WORKLOADMANAGER AddRequest {"process_pid":42934,"process_name":'/home/christian/Scrivania/es_project/konro_backprop/build/src/./runner'}
2024-09-09 13:07:44,236 [INFO] WORKLOADMANAGER monitoring PIDS [42934]
2024-09-09 13:07:44,236 [DEBUG] POLICYMANAGER AddEvent received
2024-09-09 13:07:44,237 [INFO] POLICYMANAGER handling PIDS [42934]
2024-09-09 13:07:44,237 [DEBUG] Add PID 42934 to Konro
2024-09-09 13:07:44,237 [DEBUG] Start Dump Pid List {
2024-09-09 13:07:44,237 [DEBUG] 42894
2024-09-09 13:07:44,237 [DEBUG] 41471
2024-09-09 13:07:44,237 [DEBUG] }
2024-09-09 13:07:44,447 [INFO] WORKLOADMANAGER exec {"process_pid":42934,"process_name":'./backprop 1650000 ',"process_tgid":42934}
2024-09-09 13:07:44,447 [INFO] WORKLOADMANAGER monitoring PIDS [42934]
2024-09-09 13:07:45,642 [INFO] KONROHTTP FEEDBACK POST received
2024-09-09 13:07:45,642 [INFO] KONROHTTP publishing FeedbackRequestEvent with value 50 from pid 42934 in namespace 4026531836
2024-09-09 13:07:45,642 [INFO] WORKLOADMANAGER FeedbackRequest received {"name":"./backprop 1650000 ","process_pid":42934,"namespace":4026531836,"feedback_value":50}
2024-09-09 13:07:45,642 [DEBUG] POLICYMANAGER feedback event received for pid 42934, delivered in 235 microseconds
2024-09-09 13:07:45,642 [DEBUG] Get mask
2024-09-09 13:07:45,642 [DEBUG] Calling setCpus with cpus size 1
2024-09-09 13:07:45,642 [DEBUG] 42934
2024-09-09 13:07:45,642 [DEBUG] DLB_ERR_PERM Fail Set mask
2024-09-09 13:07:45,642 [DEBUG] Dump cpu set {
2024-09-09 13:07:45,642 [DEBUG] (2 - 3) 
2024-09-09 13:07:45,642 [DEBUG] }
2024-09-09 13:07:46,238 [INFO] KONROHTTP FEEDBACK POST received
2024-09-09 13:07:46,238 [INFO] KONROHTTP publishing FeedbackRequestEvent with value 150 from pid 42934 in namespace 4026531836
2024-09-09 13:07:46,238 [INFO] WORKLOADMANAGER FeedbackRequest received {"name":"./backprop 1650000 ","process_pid":42934,"namespace":4026531836,"feedback_value":150}
2024-09-09 13:07:46,238 [DEBUG] POLICYMANAGER feedback event received for pid 42934, delivered in 270 microseconds
2024-09-09 13:07:46,239 [DEBUG] Get mask
2024-09-09 13:07:46,239 [DEBUG] Calling setCpus with cpus size 1
2024-09-09 13:07:46,239 [DEBUG] 42934
2024-09-09 13:07:46,249 [DEBUG] Set mask
2024-09-09 13:07:46,249 [DEBUG] Dump cpu set {
2024-09-09 13:07:46,249 [DEBUG] (3 - 3) 
2024-09-09 13:07:46,249 [DEBUG] }
2024-09-09 13:07:46,893 [INFO] KONROHTTP FEEDBACK POST received
2024-09-09 13:07:46,893 [INFO] KONROHTTP publishing FeedbackRequestEvent with value 100 from pid 42934 in namespace 4026531836
2024-09-09 13:07:46,893 [INFO] WORKLOADMANAGER FeedbackRequest received {"name":"./backprop 1650000 ","process_pid":42934,"namespace":4026531836,"feedback_value":100}
2024-09-09 13:07:46,893 [DEBUG] POLICYMANAGER feedback event received for pid 42934, delivered in 141 microseconds
2024-09-09 13:07:46,893 [DEBUG] Get mask
2024-09-09 13:07:47,554 [INFO] KONROHTTP FEEDBACK POST received
2024-09-09 13:07:47,554 [INFO] KONROHTTP publishing FeedbackRequestEvent with value 100 from pid 42934 in namespace 4026531836
2024-09-09 13:07:47,554 [INFO] WORKLOADMANAGER FeedbackRequest received {"name":"./backprop 1650000 ","process_pid":42934,"namespace":4026531836,"feedback_value":100}
2024-09-09 13:07:47,554 [DEBUG] POLICYMANAGER feedback event received for pid 42934, delivered in 190 microseconds
2024-09-09 13:07:47,554 [DEBUG] Get mask
2024-09-09 13:07:48,283 [INFO] KONROHTTP FEEDBACK POST received
2024-09-09 13:07:48,283 [INFO] KONROHTTP publishing FeedbackRequestEvent with value 50 from pid 42934 in namespace 4026531836
2024-09-09 13:07:48,284 [INFO] WORKLOADMANAGER FeedbackRequest received {"name":"./backprop 1650000 ","process_pid":42934,"namespace":4026531836,"feedback_value":50}
2024-09-09 13:07:48,284 [DEBUG] POLICYMANAGER feedback event received for pid 42934, delivered in 240 microseconds
2024-09-09 13:07:48,284 [DEBUG] Get mask
2024-09-09 13:07:48,284 [DEBUG] Calling setCpus with cpus size 2
2024-09-09 13:07:48,284 [DEBUG] 42934
2024-09-09 13:07:48,284 [DEBUG] DLB_ERR_PERM Fail Set mask
2024-09-09 13:07:48,284 [DEBUG] Dump cpu set {
2024-09-09 13:07:48,284 [DEBUG] (1 - 1) 
2024-09-09 13:07:48,284 [DEBUG] (3 - 3) 
2024-09-09 13:07:48,284 [DEBUG] }
2024-09-09 13:07:48,874 [INFO] KONROHTTP FEEDBACK POST received
2024-09-09 13:07:48,874 [INFO] KONROHTTP publishing FeedbackRequestEvent with value 150 from pid 42934 in namespace 4026531836
2024-09-09 13:07:48,874 [INFO] WORKLOADMANAGER FeedbackRequest received {"name":"./backprop 1650000 ","process_pid":42934,"namespace":4026531836,"feedback_value":150}
2024-09-09 13:07:48,874 [DEBUG] POLICYMANAGER feedback event received for pid 42934, delivered in 137 microseconds
2024-09-09 13:07:48,874 [DEBUG] Get mask
2024-09-09 13:07:48,874 [DEBUG] Calling setCpus with cpus size 1
2024-09-09 13:07:48,874 [DEBUG] 42934
2024-09-09 13:07:48,884 [DEBUG] Set mask
2024-09-09 13:07:48,884 [DEBUG] Dump cpu set {
2024-09-09 13:07:48,884 [DEBUG] (3 - 3) 
2024-09-09 13:07:48,884 [DEBUG] }
2024-09-09 13:07:49,574 [INFO] KONROHTTP FEEDBACK POST received
2024-09-09 13:07:49,574 [INFO] KONROHTTP publishing FeedbackRequestEvent with value 150 from pid 42934 in namespace 4026531836
2024-09-09 13:07:49,574 [INFO] WORKLOADMANAGER FeedbackRequest received {"name":"./backprop 1650000 ","process_pid":42934,"namespace":4026531836,"feedback_value":150}
2024-09-09 13:07:49,574 [DEBUG] POLICYMANAGER feedback event received for pid 42934, delivered in 105 microseconds
2024-09-09 13:07:49,574 [DEBUG] Get mask
2024-09-09 13:07:49,574 [DEBUG] Calling setCpus with cpus size 1
2024-09-09 13:07:49,574 [DEBUG] 42934
2024-09-09 13:07:49,585 [DEBUG] Set mask
2024-09-09 13:07:49,585 [DEBUG] Dump cpu set {
2024-09-09 13:07:49,585 [DEBUG] (3 - 3) 
2024-09-09 13:07:49,585 [DEBUG] }
2024-09-09 13:07:50,212 [INFO] KONROHTTP FEEDBACK POST received
2024-09-09 13:07:50,212 [INFO] KONROHTTP publishing FeedbackRequestEvent with value 150 from pid 42934 in namespace 4026531836
2024-09-09 13:07:50,212 [INFO] WORKLOADMANAGER FeedbackRequest received {"name":"./backprop 1650000 ","process_pid":42934,"namespace":4026531836,"feedback_value":150}
2024-09-09 13:07:50,212 [DEBUG] POLICYMANAGER feedback event received for pid 42934, delivered in 143 microseconds
2024-09-09 13:07:50,212 [DEBUG] Get mask
2024-09-09 13:07:50,212 [DEBUG] Calling setCpus with cpus size 1
2024-09-09 13:07:50,212 [DEBUG] 42934
2024-09-09 13:07:50,223 [DEBUG] Set mask
2024-09-09 13:07:50,223 [DEBUG] Dump cpu set {
2024-09-09 13:07:50,223 [DEBUG] (3 - 3) 
2024-09-09 13:07:50,223 [DEBUG] }
2024-09-09 13:07:50,897 [INFO] KONROHTTP FEEDBACK POST received
2024-09-09 13:07:50,897 [INFO] KONROHTTP publishing FeedbackRequestEvent with value 100 from pid 42934 in namespace 4026531836
2024-09-09 13:07:50,897 [INFO] WORKLOADMANAGER FeedbackRequest received {"name":"./backprop 1650000 ","process_pid":42934,"namespace":4026531836,"feedback_value":100}
2024-09-09 13:07:50,897 [DEBUG] POLICYMANAGER feedback event received for pid 42934, delivered in 153 microseconds
2024-09-09 13:07:50,897 [DEBUG] Get mask
2024-09-09 13:07:51,493 [INFO] KONROHTTP FEEDBACK POST received
2024-09-09 13:07:51,493 [INFO] KONROHTTP publishing FeedbackRequestEvent with value 150 from pid 42934 in namespace 4026531836
2024-09-09 13:07:51,493 [INFO] WORKLOADMANAGER FeedbackRequest received {"name":"./backprop 1650000 ","process_pid":42934,"namespace":4026531836,"feedback_value":150}
2024-09-09 13:07:51,493 [DEBUG] POLICYMANAGER feedback event received for pid 42934, delivered in 91 microseconds
2024-09-09 13:07:51,493 [DEBUG] Get mask
2024-09-09 13:07:51,493 [DEBUG] Calling setCpus with cpus size 1
2024-09-09 13:07:51,493 [DEBUG] 42934
2024-09-09 13:07:51,503 [DEBUG] Set mask
2024-09-09 13:07:51,503 [DEBUG] Dump cpu set {
2024-09-09 13:07:51,503 [DEBUG] (3 - 3) 
2024-09-09 13:07:51,503 [DEBUG] }
2024-09-09 13:07:52,166 [INFO] KONROHTTP FEEDBACK POST received
2024-09-09 13:07:52,167 [INFO] KONROHTTP publishing FeedbackRequestEvent with value 150 from pid 42934 in namespace 4026531836
2024-09-09 13:07:52,167 [INFO] WORKLOADMANAGER FeedbackRequest received {"name":"./backprop 1650000 ","process_pid":42934,"namespace":4026531836,"feedback_value":150}
2024-09-09 13:07:52,167 [DEBUG] POLICYMANAGER feedback event received for pid 42934, delivered in 139 microseconds
2024-09-09 13:07:52,167 [DEBUG] Get mask
2024-09-09 13:07:52,167 [DEBUG] Calling setCpus with cpus size 1
2024-09-09 13:07:52,167 [DEBUG] 42934
2024-09-09 13:07:52,177 [DEBUG] Set mask
2024-09-09 13:07:52,177 [DEBUG] Dump cpu set {
2024-09-09 13:07:52,177 [DEBUG] (3 - 3) 
2024-09-09 13:07:52,177 [DEBUG] }
2024-09-09 13:07:52,764 [INFO] KONROHTTP FEEDBACK POST received
2024-09-09 13:07:52,764 [INFO] KONROHTTP publishing FeedbackRequestEvent with value 150 from pid 42934 in namespace 4026531836
2024-09-09 13:07:52,765 [INFO] WORKLOADMANAGER FeedbackRequest received {"name":"./backprop 1650000 ","process_pid":42934,"namespace":4026531836,"feedback_value":150}
2024-09-09 13:07:52,765 [DEBUG] POLICYMANAGER feedback event received for pid 42934, delivered in 123 microseconds
2024-09-09 13:07:52,765 [DEBUG] Get mask
2024-09-09 13:07:52,765 [DEBUG] Calling setCpus with cpus size 1
2024-09-09 13:07:52,765 [DEBUG] 42934
2024-09-09 13:07:52,775 [DEBUG] Set mask
2024-09-09 13:07:52,775 [DEBUG] Dump cpu set {
2024-09-09 13:07:52,775 [DEBUG] (3 - 3) 
2024-09-09 13:07:52,775 [DEBUG] }
2024-09-09 13:07:53,363 [INFO] KONROHTTP FEEDBACK POST received
2024-09-09 13:07:53,363 [INFO] KONROHTTP publishing FeedbackRequestEvent with value 100 from pid 42934 in namespace 4026531836
2024-09-09 13:07:53,363 [INFO] WORKLOADMANAGER FeedbackRequest received {"name":"./backprop 1650000 ","process_pid":42934,"namespace":4026531836,"feedback_value":100}
2024-09-09 13:07:53,363 [DEBUG] POLICYMANAGER feedback event received for pid 42934, delivered in 110 microseconds
2024-09-09 13:07:53,363 [DEBUG] Get mask
2024-09-09 13:07:53,953 [INFO] KONROHTTP FEEDBACK POST received
2024-09-09 13:07:53,953 [INFO] KONROHTTP publishing FeedbackRequestEvent with value 50 from pid 42934 in namespace 4026531836
2024-09-09 13:07:53,953 [INFO] WORKLOADMANAGER FeedbackRequest received {"name":"./backprop 1650000 ","process_pid":42934,"namespace":4026531836,"feedback_value":50}
2024-09-09 13:07:53,953 [DEBUG] POLICYMANAGER feedback event received for pid 42934, delivered in 111 microseconds
2024-09-09 13:07:53,953 [DEBUG] Get mask
2024-09-09 13:07:53,953 [DEBUG] Calling setCpus with cpus size 1
2024-09-09 13:07:53,953 [DEBUG] 42934
2024-09-09 13:07:53,953 [DEBUG] DLB_ERR_PERM Fail Set mask
2024-09-09 13:07:53,953 [DEBUG] Dump cpu set {
2024-09-09 13:07:53,953 [DEBUG] (2 - 3) 
2024-09-09 13:07:53,953 [DEBUG] }
2024-09-09 13:07:54,221 [DEBUG] PLATFORMMONITOR reading CPU time data for 4 processing units
2024-09-09 13:07:54,221 [INFO] POLICYMANAGER monitor event received => {"platTemp":{"cpus":[],"cores":[]},"platPower":{"batteryCurrent":0,"batteryVoltage":0},"platLoad":{"cpus":[],"PUs":[]}}
2024-09-09 13:07:54,578 [INFO] KONROHTTP FEEDBACK POST received
2024-09-09 13:07:54,578 [INFO] KONROHTTP publishing FeedbackRequestEvent with value 150 from pid 42934 in namespace 4026531836
2024-09-09 13:07:54,578 [INFO] WORKLOADMANAGER FeedbackRequest received {"name":"./backprop 1650000 ","process_pid":42934,"namespace":4026531836,"feedback_value":150}
2024-09-09 13:07:54,578 [DEBUG] POLICYMANAGER feedback event received for pid 42934, delivered in 137 microseconds
2024-09-09 13:07:54,578 [DEBUG] Get mask
2024-09-09 13:07:54,578 [DEBUG] Calling setCpus with cpus size 1
2024-09-09 13:07:54,578 [DEBUG] 42934
2024-09-09 13:07:54,588 [DEBUG] Set mask
2024-09-09 13:07:54,589 [DEBUG] Dump cpu set {
2024-09-09 13:07:54,589 [DEBUG] (3 - 3) 
2024-09-09 13:07:54,589 [DEBUG] }
2024-09-09 13:07:55,234 [INFO] KONROHTTP FEEDBACK POST received
2024-09-09 13:07:55,234 [INFO] KONROHTTP publishing FeedbackRequestEvent with value 150 from pid 42934 in namespace 4026531836
2024-09-09 13:07:55,234 [INFO] WORKLOADMANAGER FeedbackRequest received {"name":"./backprop 1650000 ","process_pid":42934,"namespace":4026531836,"feedback_value":150}
2024-09-09 13:07:55,234 [DEBUG] POLICYMANAGER feedback event received for pid 42934, delivered in 124 microseconds
2024-09-09 13:07:55,234 [DEBUG] Get mask
2024-09-09 13:07:55,234 [DEBUG] Calling setCpus with cpus size 1
2024-09-09 13:07:55,235 [DEBUG] 42934
2024-09-09 13:07:55,245 [DEBUG] Set mask
2024-09-09 13:07:55,245 [DEBUG] Dump cpu set {
2024-09-09 13:07:55,245 [DEBUG] (3 - 3) 
2024-09-09 13:07:55,245 [DEBUG] }
2024-09-09 13:07:55,817 [INFO] KONROHTTP FEEDBACK POST received
2024-09-09 13:07:55,817 [INFO] KONROHTTP publishing FeedbackRequestEvent with value 100 from pid 42934 in namespace 4026531836
2024-09-09 13:07:55,817 [INFO] WORKLOADMANAGER FeedbackRequest received {"name":"./backprop 1650000 ","process_pid":42934,"namespace":4026531836,"feedback_value":100}
2024-09-09 13:07:55,817 [DEBUG] POLICYMANAGER feedback event received for pid 42934, delivered in 137 microseconds
2024-09-09 13:07:55,817 [DEBUG] Get mask
2024-09-09 13:07:56,523 [INFO] KONROHTTP FEEDBACK POST received
2024-09-09 13:07:56,523 [INFO] KONROHTTP publishing FeedbackRequestEvent with value 150 from pid 42934 in namespace 4026531836
2024-09-09 13:07:56,523 [INFO] WORKLOADMANAGER FeedbackRequest received {"name":"./backprop 1650000 ","process_pid":42934,"namespace":4026531836,"feedback_value":150}
2024-09-09 13:07:56,523 [DEBUG] POLICYMANAGER feedback event received for pid 42934, delivered in 211 microseconds
2024-09-09 13:07:56,523 [DEBUG] Get mask
2024-09-09 13:07:56,524 [DEBUG] Calling setCpus with cpus size 1
2024-09-09 13:07:56,524 [DEBUG] 42934
2024-09-09 13:07:56,534 [DEBUG] Set mask
2024-09-09 13:07:56,534 [DEBUG] Dump cpu set {
2024-09-09 13:07:56,534 [DEBUG] (3 - 3) 
2024-09-09 13:07:56,534 [DEBUG] }
2024-09-09 13:07:57,223 [INFO] KONROHTTP FEEDBACK POST received
2024-09-09 13:07:57,223 [INFO] KONROHTTP publishing FeedbackRequestEvent with value 100 from pid 42934 in namespace 4026531836
2024-09-09 13:07:57,223 [INFO] WORKLOADMANAGER FeedbackRequest received {"name":"./backprop 1650000 ","process_pid":42934,"namespace":4026531836,"feedback_value":100}
2024-09-09 13:07:57,223 [DEBUG] POLICYMANAGER feedback event received for pid 42934, delivered in 344 microseconds
2024-09-09 13:07:57,223 [DEBUG] Get mask
2024-09-09 13:07:57,835 [INFO] KONROHTTP FEEDBACK POST received
2024-09-09 13:07:57,835 [INFO] KONROHTTP publishing FeedbackRequestEvent with value 150 from pid 42934 in namespace 4026531836
2024-09-09 13:07:57,835 [INFO] WORKLOADMANAGER FeedbackRequest received {"name":"./backprop 1650000 ","process_pid":42934,"namespace":4026531836,"feedback_value":150}
2024-09-09 13:07:57,835 [DEBUG] POLICYMANAGER feedback event received for pid 42934, delivered in 130 microseconds
2024-09-09 13:07:57,835 [DEBUG] Get mask
2024-09-09 13:07:57,835 [DEBUG] Calling setCpus with cpus size 1
2024-09-09 13:07:57,835 [DEBUG] 42934
2024-09-09 13:07:57,846 [DEBUG] Set mask
2024-09-09 13:07:57,846 [DEBUG] Dump cpu set {
2024-09-09 13:07:57,846 [DEBUG] (3 - 3) 
2024-09-09 13:07:57,846 [DEBUG] }
2024-09-09 13:07:58,410 [INFO] KONROHTTP FEEDBACK POST received
2024-09-09 13:07:58,410 [INFO] KONROHTTP publishing FeedbackRequestEvent with value 50 from pid 42934 in namespace 4026531836
2024-09-09 13:07:58,410 [INFO] WORKLOADMANAGER FeedbackRequest received {"name":"./backprop 1650000 ","process_pid":42934,"namespace":4026531836,"feedback_value":50}
2024-09-09 13:07:58,410 [DEBUG] POLICYMANAGER feedback event received for pid 42934, delivered in 111 microseconds
2024-09-09 13:07:58,410 [DEBUG] Get mask
2024-09-09 13:07:58,410 [DEBUG] Calling setCpus with cpus size 2
2024-09-09 13:07:58,410 [DEBUG] 42934
2024-09-09 13:07:58,410 [DEBUG] DLB_ERR_PERM Fail Set mask
2024-09-09 13:07:58,410 [DEBUG] Dump cpu set {
2024-09-09 13:07:58,410 [DEBUG] (1 - 1) 
2024-09-09 13:07:58,410 [DEBUG] (3 - 3) 
2024-09-09 13:07:58,410 [DEBUG] }
2024-09-09 13:07:59,034 [INFO] KONROHTTP FEEDBACK POST received
2024-09-09 13:07:59,034 [INFO] KONROHTTP publishing FeedbackRequestEvent with value 150 from pid 42934 in namespace 4026531836
2024-09-09 13:07:59,034 [INFO] WORKLOADMANAGER FeedbackRequest received {"name":"./backprop 1650000 ","process_pid":42934,"namespace":4026531836,"feedback_value":150}
2024-09-09 13:07:59,034 [DEBUG] POLICYMANAGER feedback event received for pid 42934, delivered in 133 microseconds
2024-09-09 13:07:59,034 [DEBUG] Get mask
2024-09-09 13:07:59,034 [DEBUG] Calling setCpus with cpus size 1
2024-09-09 13:07:59,035 [DEBUG] 42934
2024-09-09 13:07:59,045 [DEBUG] Set mask
2024-09-09 13:07:59,045 [DEBUG] Dump cpu set {
2024-09-09 13:07:59,045 [DEBUG] (3 - 3) 
2024-09-09 13:07:59,045 [DEBUG] }
2024-09-09 13:07:59,666 [INFO] KONROHTTP FEEDBACK POST received
2024-09-09 13:07:59,667 [INFO] KONROHTTP publishing FeedbackRequestEvent with value 100 from pid 42934 in namespace 4026531836
2024-09-09 13:07:59,667 [INFO] WORKLOADMANAGER FeedbackRequest received {"name":"./backprop 1650000 ","process_pid":42934,"namespace":4026531836,"feedback_value":100}
2024-09-09 13:07:59,667 [DEBUG] POLICYMANAGER feedback event received for pid 42934, delivered in 200 microseconds
2024-09-09 13:07:59,667 [DEBUG] Get mask
2024-09-09 13:08:00,266 [INFO] KONROHTTP FEEDBACK POST received
2024-09-09 13:08:00,266 [INFO] KONROHTTP publishing FeedbackRequestEvent with value 100 from pid 42934 in namespace 4026531836
2024-09-09 13:08:00,266 [INFO] WORKLOADMANAGER FeedbackRequest received {"name":"./backprop 1650000 ","process_pid":42934,"namespace":4026531836,"feedback_value":100}
2024-09-09 13:08:00,266 [DEBUG] POLICYMANAGER feedback event received for pid 42934, delivered in 122 microseconds
2024-09-09 13:08:00,266 [DEBUG] Get mask
2024-09-09 13:08:00,848 [INFO] KONROHTTP FEEDBACK POST received
2024-09-09 13:08:00,848 [INFO] KONROHTTP publishing FeedbackRequestEvent with value 100 from pid 42934 in namespace 4026531836
2024-09-09 13:08:00,848 [INFO] WORKLOADMANAGER FeedbackRequest received {"name":"./backprop 1650000 ","process_pid":42934,"namespace":4026531836,"feedback_value":100}
2024-09-09 13:08:00,848 [DEBUG] POLICYMANAGER feedback event received for pid 42934, delivered in 106 microseconds
2024-09-09 13:08:00,848 [DEBUG] Get mask
2024-09-09 13:08:01,427 [INFO] KONROHTTP FEEDBACK POST received
2024-09-09 13:08:01,427 [INFO] KONROHTTP publishing FeedbackRequestEvent with value 150 from pid 42934 in namespace 4026531836
2024-09-09 13:08:01,427 [INFO] WORKLOADMANAGER FeedbackRequest received {"name":"./backprop 1650000 ","process_pid":42934,"namespace":4026531836,"feedback_value":150}
2024-09-09 13:08:01,427 [DEBUG] POLICYMANAGER feedback event received for pid 42934, delivered in 118 microseconds
2024-09-09 13:08:01,427 [DEBUG] Get mask
2024-09-09 13:08:01,427 [DEBUG] Calling setCpus with cpus size 1
2024-09-09 13:08:01,427 [DEBUG] 42934
2024-09-09 13:08:01,438 [DEBUG] Set mask
2024-09-09 13:08:01,438 [DEBUG] Dump cpu set {
2024-09-09 13:08:01,438 [DEBUG] (3 - 3) 
2024-09-09 13:08:01,438 [DEBUG] }
2024-09-09 13:08:02,109 [INFO] KONROHTTP FEEDBACK POST received
2024-09-09 13:08:02,109 [INFO] KONROHTTP publishing FeedbackRequestEvent with value 50 from pid 42934 in namespace 4026531836
2024-09-09 13:08:02,109 [INFO] WORKLOADMANAGER FeedbackRequest received {"name":"./backprop 1650000 ","process_pid":42934,"namespace":4026531836,"feedback_value":50}
2024-09-09 13:08:02,109 [DEBUG] POLICYMANAGER feedback event received for pid 42934, delivered in 115 microseconds
2024-09-09 13:08:02,109 [DEBUG] Get mask
2024-09-09 13:08:02,110 [DEBUG] Calling setCpus with cpus size 1
2024-09-09 13:08:02,110 [DEBUG] 42934
2024-09-09 13:08:02,110 [DEBUG] DLB_ERR_PERM Fail Set mask
2024-09-09 13:08:02,110 [DEBUG] Dump cpu set {
2024-09-09 13:08:02,110 [DEBUG] (2 - 3) 
2024-09-09 13:08:02,110 [DEBUG] }
2024-09-09 13:08:02,737 [INFO] KONROHTTP FEEDBACK POST received
2024-09-09 13:08:02,737 [INFO] KONROHTTP publishing FeedbackRequestEvent with value 50 from pid 42934 in namespace 4026531836
2024-09-09 13:08:02,737 [INFO] WORKLOADMANAGER FeedbackRequest received {"name":"./backprop 1650000 ","process_pid":42934,"namespace":4026531836,"feedback_value":50}
2024-09-09 13:08:02,737 [DEBUG] POLICYMANAGER feedback event received for pid 42934, delivered in 373 microseconds
2024-09-09 13:08:02,737 [DEBUG] Get mask
2024-09-09 13:08:02,737 [DEBUG] Calling setCpus with cpus size 1
2024-09-09 13:08:02,737 [DEBUG] 42934
2024-09-09 13:08:02,737 [DEBUG] DLB_ERR_PERM Fail Set mask
2024-09-09 13:08:02,737 [DEBUG] Dump cpu set {
2024-09-09 13:08:02,737 [DEBUG] (2 - 3) 
2024-09-09 13:08:02,737 [DEBUG] }
2024-09-09 13:08:03,397 [INFO] KONROHTTP FEEDBACK POST received
2024-09-09 13:08:03,398 [INFO] KONROHTTP publishing FeedbackRequestEvent with value 50 from pid 42934 in namespace 4026531836
2024-09-09 13:08:03,398 [INFO] WORKLOADMANAGER FeedbackRequest received {"name":"./backprop 1650000 ","process_pid":42934,"namespace":4026531836,"feedback_value":50}
2024-09-09 13:08:03,398 [DEBUG] POLICYMANAGER feedback event received for pid 42934, delivered in 139 microseconds
2024-09-09 13:08:03,398 [DEBUG] Get mask
2024-09-09 13:08:03,398 [DEBUG] Calling setCpus with cpus size 1
2024-09-09 13:08:03,398 [DEBUG] 42934
2024-09-09 13:08:03,398 [DEBUG] DLB_ERR_PERM Fail Set mask
2024-09-09 13:08:03,398 [DEBUG] Dump cpu set {
2024-09-09 13:08:03,398 [DEBUG] (2 - 3) 
2024-09-09 13:08:03,398 [DEBUG] }
2024-09-09 13:08:04,001 [INFO] KONROHTTP FEEDBACK POST received
2024-09-09 13:08:04,001 [INFO] KONROHTTP publishing FeedbackRequestEvent with value 100 from pid 42934 in namespace 4026531836
2024-09-09 13:08:04,002 [INFO] WORKLOADMANAGER FeedbackRequest received {"name":"./backprop 1650000 ","process_pid":42934,"namespace":4026531836,"feedback_value":100}
2024-09-09 13:08:04,002 [DEBUG] POLICYMANAGER feedback event received for pid 42934, delivered in 288 microseconds
2024-09-09 13:08:04,002 [DEBUG] Get mask
2024-09-09 13:08:04,657 [INFO] KONROHTTP FEEDBACK POST received
2024-09-09 13:08:04,657 [INFO] KONROHTTP publishing FeedbackRequestEvent with value 100 from pid 42934 in namespace 4026531836
2024-09-09 13:08:04,657 [INFO] WORKLOADMANAGER FeedbackRequest received {"name":"./backprop 1650000 ","process_pid":42934,"namespace":4026531836,"feedback_value":100}
2024-09-09 13:08:04,657 [DEBUG] POLICYMANAGER feedback event received for pid 42934, delivered in 96 microseconds
2024-09-09 13:08:04,657 [DEBUG] Get mask
2024-09-09 13:08:05,240 [INFO] KONROHTTP FEEDBACK POST received
2024-09-09 13:08:05,240 [INFO] KONROHTTP publishing FeedbackRequestEvent with value 50 from pid 42934 in namespace 4026531836
2024-09-09 13:08:05,240 [INFO] WORKLOADMANAGER FeedbackRequest received {"name":"./backprop 1650000 ","process_pid":42934,"namespace":4026531836,"feedback_value":50}
2024-09-09 13:08:05,240 [DEBUG] POLICYMANAGER feedback event received for pid 42934, delivered in 250 microseconds
2024-09-09 13:08:05,240 [DEBUG] Get mask
2024-09-09 13:08:05,240 [DEBUG] Calling setCpus with cpus size 1
2024-09-09 13:08:05,240 [DEBUG] 42934
2024-09-09 13:08:05,240 [DEBUG] DLB_ERR_PERM Fail Set mask
2024-09-09 13:08:05,240 [DEBUG] Dump cpu set {
2024-09-09 13:08:05,240 [DEBUG] (2 - 3) 
2024-09-09 13:08:05,240 [DEBUG] }
2024-09-09 13:08:05,892 [INFO] KONROHTTP FEEDBACK POST received
2024-09-09 13:08:05,892 [INFO] KONROHTTP publishing FeedbackRequestEvent with value 150 from pid 42934 in namespace 4026531836
2024-09-09 13:08:05,892 [INFO] WORKLOADMANAGER FeedbackRequest received {"name":"./backprop 1650000 ","process_pid":42934,"namespace":4026531836,"feedback_value":150}
2024-09-09 13:08:05,892 [DEBUG] POLICYMANAGER feedback event received for pid 42934, delivered in 100 microseconds
2024-09-09 13:08:05,892 [DEBUG] Get mask
2024-09-09 13:08:05,892 [DEBUG] Calling setCpus with cpus size 1
2024-09-09 13:08:05,892 [DEBUG] 42934
2024-09-09 13:08:05,903 [DEBUG] Set mask
2024-09-09 13:08:05,903 [DEBUG] Dump cpu set {
2024-09-09 13:08:05,903 [DEBUG] (3 - 3) 
2024-09-09 13:08:05,903 [DEBUG] }
2024-09-09 13:08:06,549 [INFO] KONROHTTP FEEDBACK POST received
2024-09-09 13:08:06,549 [INFO] KONROHTTP publishing FeedbackRequestEvent with value 50 from pid 42934 in namespace 4026531836
2024-09-09 13:08:06,549 [INFO] WORKLOADMANAGER FeedbackRequest received {"name":"./backprop 1650000 ","process_pid":42934,"namespace":4026531836,"feedback_value":50}
2024-09-09 13:08:06,549 [DEBUG] POLICYMANAGER feedback event received for pid 42934, delivered in 136 microseconds
2024-09-09 13:08:06,549 [DEBUG] Get mask
2024-09-09 13:08:06,549 [DEBUG] Calling setCpus with cpus size 2
2024-09-09 13:08:06,549 [DEBUG] 42934
2024-09-09 13:08:06,549 [DEBUG] DLB_ERR_PERM Fail Set mask
2024-09-09 13:08:06,549 [DEBUG] Dump cpu set {
2024-09-09 13:08:06,549 [DEBUG] (1 - 1) 
2024-09-09 13:08:06,549 [DEBUG] (3 - 3) 
2024-09-09 13:08:06,549 [DEBUG] }
2024-09-09 13:08:07,240 [INFO] KONROHTTP FEEDBACK POST received
2024-09-09 13:08:07,240 [INFO] KONROHTTP publishing FeedbackRequestEvent with value 100 from pid 42934 in namespace 4026531836
2024-09-09 13:08:07,240 [INFO] WORKLOADMANAGER FeedbackRequest received {"name":"./backprop 1650000 ","process_pid":42934,"namespace":4026531836,"feedback_value":100}
2024-09-09 13:08:07,240 [DEBUG] POLICYMANAGER feedback event received for pid 42934, delivered in 163 microseconds
2024-09-09 13:08:07,240 [DEBUG] Get mask
2024-09-09 13:08:07,908 [INFO] KONROHTTP FEEDBACK POST received
2024-09-09 13:08:07,908 [INFO] KONROHTTP publishing FeedbackRequestEvent with value 150 from pid 42934 in namespace 4026531836
2024-09-09 13:08:07,908 [INFO] WORKLOADMANAGER FeedbackRequest received {"name":"./backprop 1650000 ","process_pid":42934,"namespace":4026531836,"feedback_value":150}
2024-09-09 13:08:07,908 [DEBUG] POLICYMANAGER feedback event received for pid 42934, delivered in 509 microseconds
2024-09-09 13:08:07,908 [DEBUG] Get mask
2024-09-09 13:08:07,908 [DEBUG] Calling setCpus with cpus size 1
2024-09-09 13:08:07,908 [DEBUG] 42934
2024-09-09 13:08:07,919 [DEBUG] Set mask
2024-09-09 13:08:07,919 [DEBUG] Dump cpu set {
2024-09-09 13:08:07,919 [DEBUG] (3 - 3) 
2024-09-09 13:08:07,919 [DEBUG] }
2024-09-09 13:08:08,495 [INFO] KONROHTTP FEEDBACK POST received
2024-09-09 13:08:08,496 [INFO] KONROHTTP publishing FeedbackRequestEvent with value 150 from pid 42934 in namespace 4026531836
2024-09-09 13:08:08,496 [INFO] WORKLOADMANAGER FeedbackRequest received {"name":"./backprop 1650000 ","process_pid":42934,"namespace":4026531836,"feedback_value":150}
2024-09-09 13:08:08,496 [DEBUG] POLICYMANAGER feedback event received for pid 42934, delivered in 109 microseconds
2024-09-09 13:08:08,496 [DEBUG] Get mask
2024-09-09 13:08:08,496 [DEBUG] Calling setCpus with cpus size 1
2024-09-09 13:08:08,496 [DEBUG] 42934
2024-09-09 13:08:08,506 [DEBUG] Set mask
2024-09-09 13:08:08,506 [DEBUG] Dump cpu set {
2024-09-09 13:08:08,506 [DEBUG] (3 - 3) 
2024-09-09 13:08:08,506 [DEBUG] }
2024-09-09 13:08:09,099 [INFO] KONROHTTP FEEDBACK POST received
2024-09-09 13:08:09,100 [INFO] KONROHTTP publishing FeedbackRequestEvent with value 100 from pid 42934 in namespace 4026531836
2024-09-09 13:08:09,100 [INFO] WORKLOADMANAGER FeedbackRequest received {"name":"./backprop 1650000 ","process_pid":42934,"namespace":4026531836,"feedback_value":100}
2024-09-09 13:08:09,100 [DEBUG] POLICYMANAGER feedback event received for pid 42934, delivered in 330 microseconds
2024-09-09 13:08:09,100 [DEBUG] Get mask
2024-09-09 13:08:09,228 [DEBUG] PLATFORMMONITOR reading CPU time data for 4 processing units
2024-09-09 13:08:09,228 [INFO] POLICYMANAGER monitor event received => {"platTemp":{"cpus":[],"cores":[]},"platPower":{"batteryCurrent":0,"batteryVoltage":0},"platLoad":{"cpus":[28],"PUs":[5,5,4,99]}}
2024-09-09 13:08:09,695 [INFO] KONROHTTP FEEDBACK POST received
2024-09-09 13:08:09,695 [INFO] KONROHTTP publishing FeedbackRequestEvent with value 150 from pid 42934 in namespace 4026531836
2024-09-09 13:08:09,695 [INFO] WORKLOADMANAGER FeedbackRequest received {"name":"./backprop 1650000 ","process_pid":42934,"namespace":4026531836,"feedback_value":150}
2024-09-09 13:08:09,695 [DEBUG] POLICYMANAGER feedback event received for pid 42934, delivered in 143 microseconds
2024-09-09 13:08:09,695 [DEBUG] Get mask
2024-09-09 13:08:09,695 [DEBUG] Calling setCpus with cpus size 1
2024-09-09 13:08:09,695 [DEBUG] 42934
2024-09-09 13:08:09,705 [DEBUG] Set mask
2024-09-09 13:08:09,705 [DEBUG] Dump cpu set {
2024-09-09 13:08:09,705 [DEBUG] (3 - 3) 
2024-09-09 13:08:09,705 [DEBUG] }
2024-09-09 13:08:10,283 [INFO] KONROHTTP FEEDBACK POST received
2024-09-09 13:08:10,283 [INFO] KONROHTTP publishing FeedbackRequestEvent with value 100 from pid 42934 in namespace 4026531836
2024-09-09 13:08:10,283 [INFO] WORKLOADMANAGER FeedbackRequest received {"name":"./backprop 1650000 ","process_pid":42934,"namespace":4026531836,"feedback_value":100}
2024-09-09 13:08:10,283 [DEBUG] POLICYMANAGER feedback event received for pid 42934, delivered in 115 microseconds
2024-09-09 13:08:10,283 [DEBUG] Get mask
2024-09-09 13:08:10,923 [INFO] KONROHTTP FEEDBACK POST received
2024-09-09 13:08:10,923 [INFO] KONROHTTP publishing FeedbackRequestEvent with value 150 from pid 42934 in namespace 4026531836
2024-09-09 13:08:10,923 [INFO] WORKLOADMANAGER FeedbackRequest received {"name":"./backprop 1650000 ","process_pid":42934,"namespace":4026531836,"feedback_value":150}
2024-09-09 13:08:10,923 [DEBUG] POLICYMANAGER feedback event received for pid 42934, delivered in 174 microseconds
2024-09-09 13:08:10,923 [DEBUG] Get mask
2024-09-09 13:08:10,923 [DEBUG] Calling setCpus with cpus size 1
2024-09-09 13:08:10,923 [DEBUG] 42934
2024-09-09 13:08:10,934 [DEBUG] Set mask
2024-09-09 13:08:10,934 [DEBUG] Dump cpu set {
2024-09-09 13:08:10,934 [DEBUG] (3 - 3) 
2024-09-09 13:08:10,934 [DEBUG] }
2024-09-09 13:08:11,509 [INFO] KONROHTTP FEEDBACK POST received
2024-09-09 13:08:11,509 [INFO] KONROHTTP publishing FeedbackRequestEvent with value 50 from pid 42934 in namespace 4026531836
2024-09-09 13:08:11,509 [INFO] WORKLOADMANAGER FeedbackRequest received {"name":"./backprop 1650000 ","process_pid":42934,"namespace":4026531836,"feedback_value":50}
2024-09-09 13:08:11,509 [DEBUG] POLICYMANAGER feedback event received for pid 42934, delivered in 104 microseconds
2024-09-09 13:08:11,509 [DEBUG] Get mask
2024-09-09 13:08:11,509 [DEBUG] Calling setCpus with cpus size 1
2024-09-09 13:08:11,509 [DEBUG] 42934
2024-09-09 13:08:11,509 [DEBUG] DLB_ERR_PERM Fail Set mask
2024-09-09 13:08:11,510 [DEBUG] Dump cpu set {
2024-09-09 13:08:11,510 [DEBUG] (2 - 3) 
2024-09-09 13:08:11,510 [DEBUG] }
2024-09-09 13:08:12,096 [INFO] KONROHTTP FEEDBACK POST received
2024-09-09 13:08:12,096 [INFO] KONROHTTP publishing FeedbackRequestEvent with value 50 from pid 42934 in namespace 4026531836
2024-09-09 13:08:12,096 [INFO] WORKLOADMANAGER FeedbackRequest received {"name":"./backprop 1650000 ","process_pid":42934,"namespace":4026531836,"feedback_value":50}
2024-09-09 13:08:12,096 [DEBUG] POLICYMANAGER feedback event received for pid 42934, delivered in 130 microseconds
2024-09-09 13:08:12,096 [DEBUG] Get mask
2024-09-09 13:08:12,096 [DEBUG] Calling setCpus with cpus size 1
2024-09-09 13:08:12,096 [DEBUG] 42934
2024-09-09 13:08:12,096 [DEBUG] DLB_ERR_PERM Fail Set mask
2024-09-09 13:08:12,096 [DEBUG] Dump cpu set {
2024-09-09 13:08:12,096 [DEBUG] (2 - 3) 
2024-09-09 13:08:12,096 [DEBUG] }
2024-09-09 13:08:12,595 [INFO] MAIN Ctrl-C: stopping konro
2024-09-09 13:08:12,596 [DEBUG] PROCLISTENER sending STOP message from thread 42894
2024-09-09 13:08:12,596 [DEBUG] PROCLISTENER sendNetlinkMessage: nsent is 40, nlmsgSize is 40
2024-09-09 13:08:12,596 [DEBUG] PROCLISTENER STOP message successfully sent to thread
2024-09-09 13:08:12,596 [INFO] PROCLISTENER stop message received
2024-09-09 13:08:12,596 [DEBUG] PROCLISTENER sendNetlinkMessage: nsent is 40, nlmsgSize is 40
2024-09-09 13:08:12,596 [INFO] PROCLISTENER exiting
2024-09-09 13:08:12,596 [INFO] KONROMANAGER stopping threads
2024-09-09 13:08:12,596 [INFO] KONROHTTP server stopped
2024-09-09 13:08:12,596 [INFO] KONROMANAGER joining threads
2024-09-09 13:08:12,597 [INFO] KONROHTTP thread exiting
2024-09-09 13:08:13,229 [INFO] PLATFORMMONITOR exiting
2024-09-09 13:08:14,842 [INFO] MAIN Ctrl-C: stopping konro
2024-09-09 13:08:14,842 [DEBUG] PROCLISTENER sending STOP message from thread 42894
2024-09-09 13:08:14,843 [DEBUG] PROCLISTENER sendNetlinkMessage: nsent is 40, nlmsgSize is 40
2024-09-09 13:08:14,843 [DEBUG] PROCLISTENER STOP message successfully sent to thread
2024-09-09 13:08:15,157 [INFO] MAIN Ctrl-C: stopping konro
2024-09-09 13:08:15,157 [DEBUG] PROCLISTENER sending STOP message from thread 42894
2024-09-09 13:08:15,157 [DEBUG] PROCLISTENER sendNetlinkMessage: nsent is 40, nlmsgSize is 40
2024-09-09 13:08:15,157 [DEBUG] PROCLISTENER STOP message successfully sent to thread
2024-09-09 13:08:15,309 [INFO] MAIN Ctrl-C: stopping konro
2024-09-09 13:08:15,310 [DEBUG] PROCLISTENER sending STOP message from thread 42894
2024-09-09 13:08:15,310 [DEBUG] PROCLISTENER sendNetlinkMessage: nsent is 40, nlmsgSize is 40
2024-09-09 13:08:15,310 [DEBUG] PROCLISTENER STOP message successfully sent to thread
2024-09-09 13:08:15,453 [INFO] MAIN Ctrl-C: stopping konro
2024-09-09 13:08:15,453 [DEBUG] PROCLISTENER sending STOP message from thread 42894
2024-09-09 13:08:15,453 [DEBUG] PROCLISTENER sendNetlinkMessage: nsent is 40, nlmsgSize is 40
2024-09-09 13:08:15,453 [DEBUG] PROCLISTENER STOP message successfully sent to thread
2024-09-09 13:08:15,605 [INFO] MAIN Ctrl-C: stopping konro
2024-09-09 13:08:15,605 [DEBUG] PROCLISTENER sending STOP message from thread 42894
2024-09-09 13:08:15,605 [DEBUG] PROCLISTENER sendNetlinkMessage: nsent is 40, nlmsgSize is 40
2024-09-09 13:08:15,605 [DEBUG] PROCLISTENER STOP message successfully sent to thread
2024-09-09 13:08:15,754 [INFO] MAIN Ctrl-C: stopping konro
2024-09-09 13:08:15,754 [DEBUG] PROCLISTENER sending STOP message from thread 42894
2024-09-09 13:08:15,755 [DEBUG] PROCLISTENER sendNetlinkMessage: nsent is 40, nlmsgSize is 40
2024-09-09 13:08:15,755 [DEBUG] PROCLISTENER STOP message successfully sent to thread
2024-09-09 13:08:16,008 [INFO] MAIN Ctrl-C: stopping konro
2024-09-09 13:08:16,008 [DEBUG] PROCLISTENER sending STOP message from thread 42894
2024-09-09 13:08:16,008 [DEBUG] PROCLISTENER sendNetlinkMessage: nsent is 40, nlmsgSize is 40
2024-09-09 13:08:16,008 [DEBUG] PROCLISTENER STOP message successfully sent to thread
2024-09-09 13:08:16,162 [INFO] MAIN Ctrl-C: stopping konro
2024-09-09 13:08:16,162 [DEBUG] PROCLISTENER sending STOP message from thread 42894
2024-09-09 13:08:16,162 [DEBUG] PROCLISTENER sendNetlinkMessage: nsent is 40, nlmsgSize is 40
2024-09-09 13:08:16,162 [DEBUG] PROCLISTENER STOP message successfully sent to thread
2024-09-09 13:08:16,539 [INFO] MAIN Ctrl-C: stopping konro
2024-09-09 13:08:16,539 [DEBUG] PROCLISTENER sending STOP message from thread 42894
2024-09-09 13:08:16,539 [DEBUG] PROCLISTENER sendNetlinkMessage: nsent is 40, nlmsgSize is 40
2024-09-09 13:08:16,539 [DEBUG] PROCLISTENER STOP message successfully sent to thread
2024-09-09 13:08:16,658 [INFO] MAIN Ctrl-C: stopping konro
2024-09-09 13:08:16,658 [DEBUG] PROCLISTENER sending STOP message from thread 42894
2024-09-09 13:08:16,658 [DEBUG] PROCLISTENER sendNetlinkMessage: nsent is 40, nlmsgSize is 40
2024-09-09 13:08:16,658 [DEBUG] PROCLISTENER STOP message successfully sent to thread
2024-09-09 13:08:16,776 [INFO] MAIN Ctrl-C: stopping konro
2024-09-09 13:08:16,776 [DEBUG] PROCLISTENER sending STOP message from thread 42894
2024-09-09 13:08:16,776 [DEBUG] PROCLISTENER sendNetlinkMessage: nsent is 40, nlmsgSize is 40
2024-09-09 13:08:16,776 [DEBUG] PROCLISTENER STOP message successfully sent to thread
2024-09-09 13:08:17,096 [INFO] WORKLOADMANAGER stops
2024-09-09 13:08:17,096 [INFO] POLICYMANAGER stops
2024-09-09 13:08:17,097 [INFO] KONROMANAGER exiting
2024-09-09 13:08:17,100 [INFO] MAIN exiting
